[0.158s] Invoking command in '/home/vincent/Ground_Robots/mocap_broadcast_ros/build/crazyflie_sim': AMENT_PREFIX_PATH=/home/vincent/Ground_Robots/mocap_broadcast_ros/install/crazyflie_interfaces:${AMENT_PREFIX_PATH} CMAKE_PREFIX_PATH=/home/vincent/Ground_Robots/mocap_broadcast_ros/install/crazyflie_interfaces:/opt/ros/humble LD_LIBRARY_PATH=/home/vincent/Ground_Robots/mocap_broadcast_ros/install/crazyflie_interfaces/lib:${LD_LIBRARY_PATH} PYTHONPATH=/home/vincent/Ground_Robots/mocap_broadcast_ros/install/crazyflie_interfaces/local/lib/python3.10/dist-packages:${PYTHONPATH} /home/vincent/cmake/bin/cmake --build /home/vincent/Ground_Robots/mocap_broadcast_ros/build/crazyflie_sim -- -j18 -l18
[0.176s] Built target ament_cmake_python_symlink_crazyflie_sim_setup
[0.176s] Built target ament_cmake_python_symlink_crazyflie_sim
[0.330s] running install_scripts
[0.331s] /usr/lib/python3/dist-packages/setuptools/command/install.py:34: SetuptoolsDeprecationWarning: setup.py install is deprecated. Use build and pip and other standards-based tools.
[0.331s]   warnings.warn(
[0.344s] running egg_info
[0.345s] writing crazyflie_sim.egg-info/PKG-INFO
[0.345s] writing dependency_links to crazyflie_sim.egg-info/dependency_links.txt
[0.345s] writing entry points to crazyflie_sim.egg-info/entry_points.txt
[0.345s] writing top-level names to crazyflie_sim.egg-info/top_level.txt
[0.346s] reading manifest file 'crazyflie_sim.egg-info/SOURCES.txt'
[0.346s] writing manifest file 'crazyflie_sim.egg-info/SOURCES.txt'
[0.347s] Installing crazyflie_server script to scripts
[0.365s] Built target ament_cmake_python_build_crazyflie_sim_scripts
[0.382s] running egg_info
[0.382s] writing crazyflie_sim.egg-info/PKG-INFO
[0.382s] writing dependency_links to crazyflie_sim.egg-info/dependency_links.txt
[0.382s] writing entry points to crazyflie_sim.egg-info/entry_points.txt
[0.382s] writing top-level names to crazyflie_sim.egg-info/top_level.txt
[0.383s] reading manifest file 'crazyflie_sim.egg-info/SOURCES.txt'
[0.384s] writing manifest file 'crazyflie_sim.egg-info/SOURCES.txt'
[0.400s] Built target ament_cmake_python_build_crazyflie_sim_egg
