[0.521s] Invoking command in '/home/vincent/Ground_Robots/mocap_broadcast_ros/build/crazyflie_py': AMENT_PREFIX_PATH=/home/vincent/Ground_Robots/mocap_broadcast_ros/install/crazyflie_interfaces:${AMENT_PREFIX_PATH} CMAKE_PREFIX_PATH=/home/vincent/Ground_Robots/mocap_broadcast_ros/install/crazyflie_interfaces LD_LIBRARY_PATH=/home/vincent/Ground_Robots/mocap_broadcast_ros/install/crazyflie_interfaces/lib:${LD_LIBRARY_PATH} PYTHONPATH=/home/vincent/Ground_Robots/mocap_broadcast_ros/build/crazyflie_py/prefix_override:/usr/lib/python3/dist-packages/colcon_core/task/python/colcon_distutils_commands:/home/vincent/Ground_Robots/mocap_broadcast_ros/install/crazyflie_py/lib/python3.10/site-packages:/home/vincent/Ground_Robots/mocap_broadcast_ros/install/crazyflie_interfaces/local/lib/python3.10/dist-packages:${PYTHONPATH} /usr/bin/python3 -W ignore:setup.py install is deprecated -W ignore:easy_install command is deprecated setup.py develop --editable --build-directory /home/vincent/Ground_Robots/mocap_broadcast_ros/build/crazyflie_py/build --no-deps symlink_data
[0.825s] running develop
[0.927s] running egg_info
[0.927s] creating crazyflie_py.egg-info
[0.928s] writing crazyflie_py.egg-info/PKG-INFO
[0.928s] writing dependency_links to crazyflie_py.egg-info/dependency_links.txt
[0.928s] writing entry points to crazyflie_py.egg-info/entry_points.txt
[0.928s] writing requirements to crazyflie_py.egg-info/requires.txt
[0.928s] writing top-level names to crazyflie_py.egg-info/top_level.txt
[0.929s] writing manifest file 'crazyflie_py.egg-info/SOURCES.txt'
[0.929s] reading manifest file 'crazyflie_py.egg-info/SOURCES.txt'
[0.931s] writing manifest file 'crazyflie_py.egg-info/SOURCES.txt'
[0.934s] running build_ext
[0.934s] Creating /home/vincent/Ground_Robots/mocap_broadcast_ros/install/crazyflie_py/lib/python3.10/site-packages/crazyflie-py.egg-link (link to .)
[0.934s] 
[0.934s] Installed /home/vincent/Ground_Robots/mocap_broadcast_ros/build/crazyflie_py
[0.935s] running symlink_data
[0.935s] creating /home/vincent/Ground_Robots/mocap_broadcast_ros/install/crazyflie_py/share/ament_index
[0.935s] creating /home/vincent/Ground_Robots/mocap_broadcast_ros/install/crazyflie_py/share/ament_index/resource_index
[0.935s] creating /home/vincent/Ground_Robots/mocap_broadcast_ros/install/crazyflie_py/share/ament_index/resource_index/packages
[0.935s] symbolically linking /home/vincent/Ground_Robots/mocap_broadcast_ros/build/crazyflie_py/resource/crazyflie_py -> /home/vincent/Ground_Robots/mocap_broadcast_ros/install/crazyflie_py/share/ament_index/resource_index/packages
[0.935s] symbolically linking /home/vincent/Ground_Robots/mocap_broadcast_ros/build/crazyflie_py/package.xml -> /home/vincent/Ground_Robots/mocap_broadcast_ros/install/crazyflie_py/share/crazyflie_py
[0.999s] Invoked command in '/home/vincent/Ground_Robots/mocap_broadcast_ros/build/crazyflie_py' returned '0': AMENT_PREFIX_PATH=/home/vincent/Ground_Robots/mocap_broadcast_ros/install/crazyflie_interfaces:${AMENT_PREFIX_PATH} CMAKE_PREFIX_PATH=/home/vincent/Ground_Robots/mocap_broadcast_ros/install/crazyflie_interfaces LD_LIBRARY_PATH=/home/vincent/Ground_Robots/mocap_broadcast_ros/install/crazyflie_interfaces/lib:${LD_LIBRARY_PATH} PYTHONPATH=/home/vincent/Ground_Robots/mocap_broadcast_ros/build/crazyflie_py/prefix_override:/usr/lib/python3/dist-packages/colcon_core/task/python/colcon_distutils_commands:/home/vincent/Ground_Robots/mocap_broadcast_ros/install/crazyflie_py/lib/python3.10/site-packages:/home/vincent/Ground_Robots/mocap_broadcast_ros/install/crazyflie_interfaces/local/lib/python3.10/dist-packages:${PYTHONPATH} /usr/bin/python3 -W ignore:setup.py install is deprecated -W ignore:easy_install command is deprecated setup.py develop --editable --build-directory /home/vincent/Ground_Robots/mocap_broadcast_ros/build/crazyflie_py/build --no-deps symlink_data
