[0.008s] Invoking command in '/home/vincent/Ground_Robots/mocap_broadcast_ros/build/crazyflie_interfaces': /home/vincent/cmake/bin/cmake /home/vincent/Ground_Robots/mocap_broadcast_ros/src/crazyswarm2/crazyflie_interfaces -DCMAKE_EXPORT_COMPILE_COMMANDS=ON -DAMENT_CMAKE_SYMLINK_INSTALL=1 -DCMAKE_INSTALL_PREFIX=/home/vincent/Ground_Robots/mocap_broadcast_ros/install/crazyflie_interfaces
[0.043s] -- The C compiler identification is GNU 11.4.0
[0.082s] -- The CXX compiler identification is GNU 11.4.0
[0.090s] -- Detecting C compiler ABI info
[0.135s] -- Detecting C compiler ABI info - done
[0.148s] -- Check for working C compiler: /usr/bin/cc - skipped
[0.149s] -- Detecting C compile features
[0.149s] -- Detecting C compile features - done
[0.151s] -- Detecting CXX compiler ABI info
[0.202s] -- Detecting CXX compiler ABI info - done
[0.215s] -- Check for working CXX compiler: /usr/bin/c++ - skipped
[0.216s] -- Detecting CXX compile features
[0.216s] -- Detecting CXX compile features - done
[0.224s] [31mCMake Error at CMakeLists.txt:13 (find_package):
[0.224s]   By not providing "Findament_cmake.cmake" in CMAKE_MODULE_PATH this project
[0.224s]   has asked CMake to find a package configuration file provided by
[0.224s]   "ament_cmake", but CMake did not find one.
[0.224s] 
[0.224s]   Could not find a package configuration file provided by "ament_cmake" with
[0.224s]   any of the following names:
[0.224s] 
[0.224s]     ament_cmakeConfig.cmake
[0.224s]     ament_cmake-config.cmake
[0.224s] 
[0.224s]   Add the installation prefix of "ament_cmake" to CMAKE_PREFIX_PATH or set
[0.224s]   "ament_cmake_DIR" to a directory containing one of the above files.  If
[0.224s]   "ament_cmake" provides a separate development package or SDK, be sure it
[0.225s]   has been installed.
[0.225s] 
[0.225s] [0m
[0.225s] -- Configuring incomplete, errors occurred!
[0.226s] Invoked command in '/home/vincent/Ground_Robots/mocap_broadcast_ros/build/crazyflie_interfaces' returned '1': /home/vincent/cmake/bin/cmake /home/vincent/Ground_Robots/mocap_broadcast_ros/src/crazyswarm2/crazyflie_interfaces -DCMAKE_EXPORT_COMPILE_COMMANDS=ON -DAMENT_CMAKE_SYMLINK_INSTALL=1 -DCMAKE_INSTALL_PREFIX=/home/vincent/Ground_Robots/mocap_broadcast_ros/install/crazyflie_interfaces
