[0.011s] Invoking command in '/home/vincent/Ground_Robots/mocap_broadcast_ros/build/mocap_to_robots': AMENT_PREFIX_PATH=/home/vincent/Ground_Robots/mocap_broadcast_ros/install/crazyflie:/home/vincent/Ground_Robots/mocap_broadcast_ros/install/motion_capture_tracking_interfaces:/home/vincent/Ground_Robots/mocap_broadcast_ros/install/crazyflie_interfaces:${AMENT_PREFIX_PATH} CMAKE_PREFIX_PATH=/home/vincent/Ground_Robots/mocap_broadcast_ros/install/crazyflie:/home/vincent/Ground_Robots/mocap_broadcast_ros/install/motion_capture_tracking_interfaces:/home/vincent/Ground_Robots/mocap_broadcast_ros/install/crazyflie_interfaces:/opt/ros/humble LD_LIBRARY_PATH=/home/vincent/Ground_Robots/mocap_broadcast_ros/install/motion_capture_tracking_interfaces/lib:/home/vincent/Ground_Robots/mocap_broadcast_ros/install/crazyflie_interfaces/lib:${LD_LIBRARY_PATH} PYTHONPATH=/home/vincent/Ground_Robots/mocap_broadcast_ros/install/motion_capture_tracking_interfaces/local/lib/python3.10/dist-packages:/home/vincent/Ground_Robots/mocap_broadcast_ros/install/crazyflie_interfaces/local/lib/python3.10/dist-packages:${PYTHONPATH} /home/vincent/cmake/bin/cmake /home/vincent/Ground_Robots/mocap_broadcast_ros/src/mocap_to_robots -DCMAKE_EXPORT_COMPILE_COMMANDS=ON -DAMENT_CMAKE_SYMLINK_INSTALL=1 -DCMAKE_INSTALL_PREFIX=/home/vincent/Ground_Robots/mocap_broadcast_ros/install/mocap_to_robots
[0.049s] -- The C compiler identification is GNU 11.4.0
[0.090s] -- The CXX compiler identification is GNU 11.4.0
[0.099s] -- Detecting C compiler ABI info
[0.144s] -- Detecting C compiler ABI info - done
[0.157s] -- Check for working C compiler: /usr/bin/cc - skipped
[0.158s] -- Detecting C compile features
[0.158s] -- Detecting C compile features - done
[0.162s] -- Detecting CXX compiler ABI info
[0.215s] -- Detecting CXX compiler ABI info - done
[0.226s] -- Check for working CXX compiler: /usr/bin/c++ - skipped
[0.227s] -- Detecting CXX compile features
[0.227s] -- Detecting CXX compile features - done
[0.230s] -- Found ament_cmake: 1.3.12 (/opt/ros/humble/share/ament_cmake/cmake)
[0.324s] -- Found Python3: /usr/bin/python3 (found version "3.10.12") found components: Interpreter
[0.363s] -- Override CMake install command with custom implementation using symlinks instead of copying resources
[0.380s] -- Found rclcpp: 16.0.14 (/opt/ros/humble/share/rclcpp/cmake)
[0.407s] -- Found rosidl_generator_c: 3.1.7 (/opt/ros/humble/share/rosidl_generator_c/cmake)
[0.410s] -- Found rosidl_adapter: 3.1.7 (/opt/ros/humble/share/rosidl_adapter/cmake)
[0.416s] -- Found rosidl_generator_cpp: 3.1.7 (/opt/ros/humble/share/rosidl_generator_cpp/cmake)
[0.425s] -- Using all available rosidl_typesupport_c: rosidl_typesupport_fastrtps_c;rosidl_typesupport_introspection_c
[0.437s] -- Using all available rosidl_typesupport_cpp: rosidl_typesupport_fastrtps_cpp;rosidl_typesupport_introspection_cpp
[0.470s] -- Found rmw_implementation_cmake: 6.1.2 (/opt/ros/humble/share/rmw_implementation_cmake/cmake)
[0.471s] -- Found rmw_fastrtps_cpp: 6.2.8 (/opt/ros/humble/share/rmw_fastrtps_cpp/cmake)
[0.540s] -- Found OpenSSL: /usr/lib/x86_64-linux-gnu/libcrypto.so (found version "3.0.2")
[0.558s] -- Found FastRTPS: /opt/ros/humble/include
[0.586s] -- Using RMW implementation 'rmw_fastrtps_cpp' as default
[0.591s] -- Performing Test CMAKE_HAVE_LIBC_PTHREAD
[0.642s] -- Performing Test CMAKE_HAVE_LIBC_PTHREAD - Success
[0.644s] -- Found Threads: TRUE
[0.686s] -- Found tf2_ros: 0.25.15 (/opt/ros/humble/share/tf2_ros/cmake)
[0.778s] -- Found sensor_msgs: 4.9.0 (/opt/ros/humble/share/sensor_msgs/cmake)
[0.793s] -- Found motion_capture_tracking_interfaces: 1.0.6 (/home/vincent/Ground_Robots/mocap_broadcast_ros/install/motion_capture_tracking_interfaces/share/motion_capture_tracking_interfaces/cmake)
[0.808s] -- Found crazyflie: 1.0.3 (/home/vincent/Ground_Robots/mocap_broadcast_ros/install/crazyflie/share/crazyflie/cmake)
[0.851s] -- Configuring done (0.8s)
[0.859s] -- Generating done (0.0s)
[0.861s] -- Build files have been written to: /home/vincent/Ground_Robots/mocap_broadcast_ros/build/mocap_to_robots
[0.869s] Invoked command in '/home/vincent/Ground_Robots/mocap_broadcast_ros/build/mocap_to_robots' returned '0': AMENT_PREFIX_PATH=/home/vincent/Ground_Robots/mocap_broadcast_ros/install/crazyflie:/home/vincent/Ground_Robots/mocap_broadcast_ros/install/motion_capture_tracking_interfaces:/home/vincent/Ground_Robots/mocap_broadcast_ros/install/crazyflie_interfaces:${AMENT_PREFIX_PATH} CMAKE_PREFIX_PATH=/home/vincent/Ground_Robots/mocap_broadcast_ros/install/crazyflie:/home/vincent/Ground_Robots/mocap_broadcast_ros/install/motion_capture_tracking_interfaces:/home/vincent/Ground_Robots/mocap_broadcast_ros/install/crazyflie_interfaces:/opt/ros/humble LD_LIBRARY_PATH=/home/vincent/Ground_Robots/mocap_broadcast_ros/install/motion_capture_tracking_interfaces/lib:/home/vincent/Ground_Robots/mocap_broadcast_ros/install/crazyflie_interfaces/lib:${LD_LIBRARY_PATH} PYTHONPATH=/home/vincent/Ground_Robots/mocap_broadcast_ros/install/motion_capture_tracking_interfaces/local/lib/python3.10/dist-packages:/home/vincent/Ground_Robots/mocap_broadcast_ros/install/crazyflie_interfaces/local/lib/python3.10/dist-packages:${PYTHONPATH} /home/vincent/cmake/bin/cmake /home/vincent/Ground_Robots/mocap_broadcast_ros/src/mocap_to_robots -DCMAKE_EXPORT_COMPILE_COMMANDS=ON -DAMENT_CMAKE_SYMLINK_INSTALL=1 -DCMAKE_INSTALL_PREFIX=/home/vincent/Ground_Robots/mocap_broadcast_ros/install/mocap_to_robots
[0.869s] Invoking command in '/home/vincent/Ground_Robots/mocap_broadcast_ros/build/mocap_to_robots': AMENT_PREFIX_PATH=/home/vincent/Ground_Robots/mocap_broadcast_ros/install/crazyflie:/home/vincent/Ground_Robots/mocap_broadcast_ros/install/motion_capture_tracking_interfaces:/home/vincent/Ground_Robots/mocap_broadcast_ros/install/crazyflie_interfaces:${AMENT_PREFIX_PATH} CMAKE_PREFIX_PATH=/home/vincent/Ground_Robots/mocap_broadcast_ros/install/crazyflie:/home/vincent/Ground_Robots/mocap_broadcast_ros/install/motion_capture_tracking_interfaces:/home/vincent/Ground_Robots/mocap_broadcast_ros/install/crazyflie_interfaces:/opt/ros/humble LD_LIBRARY_PATH=/home/vincent/Ground_Robots/mocap_broadcast_ros/install/motion_capture_tracking_interfaces/lib:/home/vincent/Ground_Robots/mocap_broadcast_ros/install/crazyflie_interfaces/lib:${LD_LIBRARY_PATH} PYTHONPATH=/home/vincent/Ground_Robots/mocap_broadcast_ros/install/motion_capture_tracking_interfaces/local/lib/python3.10/dist-packages:/home/vincent/Ground_Robots/mocap_broadcast_ros/install/crazyflie_interfaces/local/lib/python3.10/dist-packages:${PYTHONPATH} /home/vincent/cmake/bin/cmake --build /home/vincent/Ground_Robots/mocap_broadcast_ros/build/mocap_to_robots -- -j18 -l18
[0.890s] [ 50%] [32mBuilding CXX object CMakeFiles/mocap_to_robots.dir/src/mocap_to_robots.cpp.o[0m
[1.008s] [01m[K/home/vincent/Ground_Robots/mocap_broadcast_ros/src/mocap_to_robots/src/mocap_to_robots.cpp:12:10:[m[K [01;31m[Kfatal error: [m[Kcrazyflie_cpp/Crazyflie.h: No such file or directory
[1.008s]    12 | #include [01;31m[K<crazyflie_cpp/Crazyflie.h>[m[K
[1.008s]       |          [01;31m[K^~~~~~~~~~~~~~~~~~~~~~~~~~~[m[K
[1.009s] compilation terminated.
[1.013s] gmake[2]: *** [CMakeFiles/mocap_to_robots.dir/build.make:76: CMakeFiles/mocap_to_robots.dir/src/mocap_to_robots.cpp.o] Error 1
[1.014s] gmake[1]: *** [CMakeFiles/Makefile2:137: CMakeFiles/mocap_to_robots.dir/all] Error 2
[1.014s] gmake: *** [Makefile:146: all] Error 2
[1.017s] Invoked command in '/home/vincent/Ground_Robots/mocap_broadcast_ros/build/mocap_to_robots' returned '2': AMENT_PREFIX_PATH=/home/vincent/Ground_Robots/mocap_broadcast_ros/install/crazyflie:/home/vincent/Ground_Robots/mocap_broadcast_ros/install/motion_capture_tracking_interfaces:/home/vincent/Ground_Robots/mocap_broadcast_ros/install/crazyflie_interfaces:${AMENT_PREFIX_PATH} CMAKE_PREFIX_PATH=/home/vincent/Ground_Robots/mocap_broadcast_ros/install/crazyflie:/home/vincent/Ground_Robots/mocap_broadcast_ros/install/motion_capture_tracking_interfaces:/home/vincent/Ground_Robots/mocap_broadcast_ros/install/crazyflie_interfaces:/opt/ros/humble LD_LIBRARY_PATH=/home/vincent/Ground_Robots/mocap_broadcast_ros/install/motion_capture_tracking_interfaces/lib:/home/vincent/Ground_Robots/mocap_broadcast_ros/install/crazyflie_interfaces/lib:${LD_LIBRARY_PATH} PYTHONPATH=/home/vincent/Ground_Robots/mocap_broadcast_ros/install/motion_capture_tracking_interfaces/local/lib/python3.10/dist-packages:/home/vincent/Ground_Robots/mocap_broadcast_ros/install/crazyflie_interfaces/local/lib/python3.10/dist-packages:${PYTHONPATH} /home/vincent/cmake/bin/cmake --build /home/vincent/Ground_Robots/mocap_broadcast_ros/build/mocap_to_robots -- -j18 -l18
