[0.269s] Invoking command in '/home/vincent/Ground_Robots/mocap_broadcast_ros/build/crazyflie_sim': AMENT_PREFIX_PATH=/home/vincent/Ground_Robots/mocap_broadcast_ros/install/crazyflie_interfaces:${AMENT_PREFIX_PATH} CMAKE_PREFIX_PATH=/home/vincent/Ground_Robots/mocap_broadcast_ros/install/crazyflie_interfaces:/opt/ros/humble LD_LIBRARY_PATH=/home/vincent/Ground_Robots/mocap_broadcast_ros/install/crazyflie_interfaces/lib:${LD_LIBRARY_PATH} PYTHONPATH=/home/vincent/Ground_Robots/mocap_broadcast_ros/install/crazyflie_interfaces/local/lib/python3.10/dist-packages:${PYTHONPATH} /home/vincent/cmake/bin/cmake /home/vincent/Ground_Robots/mocap_broadcast_ros/src/crazyswarm2/crazyflie_sim -DCMAKE_EXPORT_COMPILE_COMMANDS=ON -DAMENT_CMAKE_SYMLINK_INSTALL=1 -DCMAKE_INSTALL_PREFIX=/home/vincent/Ground_Robots/mocap_broadcast_ros/install/crazyflie_sim
[0.323s] -- The C compiler identification is GNU 11.4.0
[0.394s] -- The CXX compiler identification is GNU 11.4.0
[0.407s] -- Detecting C compiler ABI info
[0.479s] -- Detecting C compiler ABI info - done
[0.503s] -- Check for working C compiler: /usr/bin/cc - skipped
[0.503s] -- Detecting C compile features
[0.503s] -- Detecting C compile features - done
[0.507s] -- Detecting CXX compiler ABI info
[0.574s] -- Detecting CXX compiler ABI info - done
[0.597s] -- Check for working CXX compiler: /usr/bin/c++ - skipped
[0.597s] -- Detecting CXX compile features
[0.598s] -- Detecting CXX compile features - done
[0.601s] -- Found ament_cmake: 1.3.12 (/opt/ros/humble/share/ament_cmake/cmake)
[0.757s] -- Found Python3: /usr/bin/python3 (found version "3.10.12") found components: Interpreter
[0.803s] -- Override CMake install command with custom implementation using symlinks instead of copying resources
[0.892s] -- Found ament_cmake_pytest: 1.3.12 (/opt/ros/humble/share/ament_cmake_pytest/cmake)
[1.564s] -- Configuring done (1.3s)
[1.577s] -- Generating done (0.0s)
[1.578s] [33mCMake Warning:
[1.580s]   Manually-specified variables were not used by the project:
[1.580s] 
[1.580s]     CMAKE_EXPORT_COMPILE_COMMANDS
[1.580s] 
[1.580s] [0m
[1.582s] -- Build files have been written to: /home/vincent/Ground_Robots/mocap_broadcast_ros/build/crazyflie_sim
[1.588s] Invoked command in '/home/vincent/Ground_Robots/mocap_broadcast_ros/build/crazyflie_sim' returned '0': AMENT_PREFIX_PATH=/home/vincent/Ground_Robots/mocap_broadcast_ros/install/crazyflie_interfaces:${AMENT_PREFIX_PATH} CMAKE_PREFIX_PATH=/home/vincent/Ground_Robots/mocap_broadcast_ros/install/crazyflie_interfaces:/opt/ros/humble LD_LIBRARY_PATH=/home/vincent/Ground_Robots/mocap_broadcast_ros/install/crazyflie_interfaces/lib:${LD_LIBRARY_PATH} PYTHONPATH=/home/vincent/Ground_Robots/mocap_broadcast_ros/install/crazyflie_interfaces/local/lib/python3.10/dist-packages:${PYTHONPATH} /home/vincent/cmake/bin/cmake /home/vincent/Ground_Robots/mocap_broadcast_ros/src/crazyswarm2/crazyflie_sim -DCMAKE_EXPORT_COMPILE_COMMANDS=ON -DAMENT_CMAKE_SYMLINK_INSTALL=1 -DCMAKE_INSTALL_PREFIX=/home/vincent/Ground_Robots/mocap_broadcast_ros/install/crazyflie_sim
[1.590s] Invoking command in '/home/vincent/Ground_Robots/mocap_broadcast_ros/build/crazyflie_sim': AMENT_PREFIX_PATH=/home/vincent/Ground_Robots/mocap_broadcast_ros/install/crazyflie_interfaces:${AMENT_PREFIX_PATH} CMAKE_PREFIX_PATH=/home/vincent/Ground_Robots/mocap_broadcast_ros/install/crazyflie_interfaces:/opt/ros/humble LD_LIBRARY_PATH=/home/vincent/Ground_Robots/mocap_broadcast_ros/install/crazyflie_interfaces/lib:${LD_LIBRARY_PATH} PYTHONPATH=/home/vincent/Ground_Robots/mocap_broadcast_ros/install/crazyflie_interfaces/local/lib/python3.10/dist-packages:${PYTHONPATH} /home/vincent/cmake/bin/cmake --build /home/vincent/Ground_Robots/mocap_broadcast_ros/build/crazyflie_sim -- -j18 -l18
[1.614s] Built target ament_cmake_python_symlink_crazyflie_sim_setup
[1.615s] Built target ament_cmake_python_symlink_crazyflie_sim
[1.884s] running install_scripts
[1.884s] /usr/lib/python3/dist-packages/setuptools/command/install.py:34: SetuptoolsDeprecationWarning: setup.py install is deprecated. Use build and pip and other standards-based tools.
[1.885s]   warnings.warn(
[1.916s] running egg_info
[1.916s] creating crazyflie_sim.egg-info
[1.917s] writing crazyflie_sim.egg-info/PKG-INFO
[1.917s] writing dependency_links to crazyflie_sim.egg-info/dependency_links.txt
[1.918s] writing entry points to crazyflie_sim.egg-info/entry_points.txt
[1.918s] running egg_info
[1.919s] writing top-level names to crazyflie_sim.egg-info/top_level.txt
[1.919s] writing manifest file 'crazyflie_sim.egg-info/SOURCES.txt'
[1.919s] writing crazyflie_sim.egg-info/PKG-INFO
[1.920s] writing dependency_links to crazyflie_sim.egg-info/dependency_links.txt
[1.920s] writing entry points to crazyflie_sim.egg-info/entry_points.txt
[1.921s] writing top-level names to crazyflie_sim.egg-info/top_level.txt
[1.921s] reading manifest file 'crazyflie_sim.egg-info/SOURCES.txt'
[1.922s] writing manifest file 'crazyflie_sim.egg-info/SOURCES.txt'
[1.922s] reading manifest file 'crazyflie_sim.egg-info/SOURCES.txt'
[1.923s] writing manifest file 'crazyflie_sim.egg-info/SOURCES.txt'
[1.923s] Installing crazyflie_server script to scripts
[1.944s] Built target ament_cmake_python_build_crazyflie_sim_egg
[1.962s] Built target ament_cmake_python_build_crazyflie_sim_scripts
[1.964s] Invoked command in '/home/vincent/Ground_Robots/mocap_broadcast_ros/build/crazyflie_sim' returned '0': AMENT_PREFIX_PATH=/home/vincent/Ground_Robots/mocap_broadcast_ros/install/crazyflie_interfaces:${AMENT_PREFIX_PATH} CMAKE_PREFIX_PATH=/home/vincent/Ground_Robots/mocap_broadcast_ros/install/crazyflie_interfaces:/opt/ros/humble LD_LIBRARY_PATH=/home/vincent/Ground_Robots/mocap_broadcast_ros/install/crazyflie_interfaces/lib:${LD_LIBRARY_PATH} PYTHONPATH=/home/vincent/Ground_Robots/mocap_broadcast_ros/install/crazyflie_interfaces/local/lib/python3.10/dist-packages:${PYTHONPATH} /home/vincent/cmake/bin/cmake --build /home/vincent/Ground_Robots/mocap_broadcast_ros/build/crazyflie_sim -- -j18 -l18
[1.966s] Invoking command in '/home/vincent/Ground_Robots/mocap_broadcast_ros/build/crazyflie_sim': AMENT_PREFIX_PATH=/home/vincent/Ground_Robots/mocap_broadcast_ros/install/crazyflie_interfaces:${AMENT_PREFIX_PATH} CMAKE_PREFIX_PATH=/home/vincent/Ground_Robots/mocap_broadcast_ros/install/crazyflie_interfaces:/opt/ros/humble LD_LIBRARY_PATH=/home/vincent/Ground_Robots/mocap_broadcast_ros/install/crazyflie_interfaces/lib:${LD_LIBRARY_PATH} PYTHONPATH=/home/vincent/Ground_Robots/mocap_broadcast_ros/install/crazyflie_interfaces/local/lib/python3.10/dist-packages:${PYTHONPATH} /home/vincent/cmake/bin/cmake --install /home/vincent/Ground_Robots/mocap_broadcast_ros/build/crazyflie_sim
[1.968s] -- Install configuration: ""
[1.968s] -- Execute custom install script
[1.969s] -- Symlinking: /home/vincent/Ground_Robots/mocap_broadcast_ros/install/crazyflie_sim/share/crazyflie_sim/environment/pythonpath.sh
[1.971s] -- Symlinking: /home/vincent/Ground_Robots/mocap_broadcast_ros/install/crazyflie_sim/share/crazyflie_sim/environment/pythonpath.dsv
[1.974s] -- Symlinking: /home/vincent/Ground_Robots/mocap_broadcast_ros/install/crazyflie_sim/local/lib/python3.10/dist-packages/crazyflie_sim-1.0.3-py3.10.egg-info/PKG-INFO
[1.978s] -- Symlinking: /home/vincent/Ground_Robots/mocap_broadcast_ros/install/crazyflie_sim/local/lib/python3.10/dist-packages/crazyflie_sim-1.0.3-py3.10.egg-info/SOURCES.txt
[1.981s] -- Symlinking: /home/vincent/Ground_Robots/mocap_broadcast_ros/install/crazyflie_sim/local/lib/python3.10/dist-packages/crazyflie_sim-1.0.3-py3.10.egg-info/dependency_links.txt
[1.984s] -- Symlinking: /home/vincent/Ground_Robots/mocap_broadcast_ros/install/crazyflie_sim/local/lib/python3.10/dist-packages/crazyflie_sim-1.0.3-py3.10.egg-info/entry_points.txt
[1.988s] -- Symlinking: /home/vincent/Ground_Robots/mocap_broadcast_ros/install/crazyflie_sim/local/lib/python3.10/dist-packages/crazyflie_sim-1.0.3-py3.10.egg-info/top_level.txt
[1.992s] -- Symlinking: /home/vincent/Ground_Robots/mocap_broadcast_ros/install/crazyflie_sim/lib/crazyflie_sim//crazyflie_server
[1.998s] -- Symlinking: /home/vincent/Ground_Robots/mocap_broadcast_ros/install/crazyflie_sim/local/lib/python3.10/dist-packages/crazyflie_sim/__init__.py
[2.001s] -- Symlinking: /home/vincent/Ground_Robots/mocap_broadcast_ros/install/crazyflie_sim/local/lib/python3.10/dist-packages/crazyflie_sim/backend/data/dynobench/crazyflie2.yaml
[2.005s] -- Symlinking: /home/vincent/Ground_Robots/mocap_broadcast_ros/install/crazyflie_sim/local/lib/python3.10/dist-packages/crazyflie_sim/backend/data/neuralswarm2/phi_G.pth
[2.008s] -- Symlinking: /home/vincent/Ground_Robots/mocap_broadcast_ros/install/crazyflie_sim/local/lib/python3.10/dist-packages/crazyflie_sim/backend/data/neuralswarm2/phi_L.pth
[2.009s] -- Symlinking: /home/vincent/Ground_Robots/mocap_broadcast_ros/install/crazyflie_sim/local/lib/python3.10/dist-packages/crazyflie_sim/backend/data/neuralswarm2/phi_S.pth
[2.011s] -- Symlinking: /home/vincent/Ground_Robots/mocap_broadcast_ros/install/crazyflie_sim/local/lib/python3.10/dist-packages/crazyflie_sim/backend/data/neuralswarm2/rho_L.pth
[2.012s] -- Symlinking: /home/vincent/Ground_Robots/mocap_broadcast_ros/install/crazyflie_sim/local/lib/python3.10/dist-packages/crazyflie_sim/backend/data/neuralswarm2/rho_S.pth
[2.014s] -- Symlinking: /home/vincent/Ground_Robots/mocap_broadcast_ros/install/crazyflie_sim/local/lib/python3.10/dist-packages/crazyflie_sim/backend/data/pinocchio/crazyflie2.urdf
[2.017s] -- Symlinking: /home/vincent/Ground_Robots/mocap_broadcast_ros/install/crazyflie_sim/local/lib/python3.10/dist-packages/crazyflie_sim/backend/dynobench.py
[2.019s] -- Symlinking: /home/vincent/Ground_Robots/mocap_broadcast_ros/install/crazyflie_sim/local/lib/python3.10/dist-packages/crazyflie_sim/backend/neuralswarm.py
[2.021s] -- Symlinking: /home/vincent/Ground_Robots/mocap_broadcast_ros/install/crazyflie_sim/local/lib/python3.10/dist-packages/crazyflie_sim/backend/none.py
[2.023s] -- Symlinking: /home/vincent/Ground_Robots/mocap_broadcast_ros/install/crazyflie_sim/local/lib/python3.10/dist-packages/crazyflie_sim/backend/np.py
[2.025s] -- Symlinking: /home/vincent/Ground_Robots/mocap_broadcast_ros/install/crazyflie_sim/local/lib/python3.10/dist-packages/crazyflie_sim/backend/pinocchio.py
[2.028s] -- Symlinking: /home/vincent/Ground_Robots/mocap_broadcast_ros/install/crazyflie_sim/local/lib/python3.10/dist-packages/crazyflie_sim/crazyflie_server.py
[2.030s] -- Symlinking: /home/vincent/Ground_Robots/mocap_broadcast_ros/install/crazyflie_sim/local/lib/python3.10/dist-packages/crazyflie_sim/crazyflie_sil.py
[2.033s] -- Symlinking: /home/vincent/Ground_Robots/mocap_broadcast_ros/install/crazyflie_sim/local/lib/python3.10/dist-packages/crazyflie_sim/sim_data_types.py
[2.035s] -- Symlinking: /home/vincent/Ground_Robots/mocap_broadcast_ros/install/crazyflie_sim/local/lib/python3.10/dist-packages/crazyflie_sim/visualization/README.md
[2.037s] -- Symlinking: /home/vincent/Ground_Robots/mocap_broadcast_ros/install/crazyflie_sim/local/lib/python3.10/dist-packages/crazyflie_sim/visualization/blender.py
[2.040s] -- Symlinking: /home/vincent/Ground_Robots/mocap_broadcast_ros/install/crazyflie_sim/local/lib/python3.10/dist-packages/crazyflie_sim/visualization/data/README.md
[2.042s] -- Symlinking: /home/vincent/Ground_Robots/mocap_broadcast_ros/install/crazyflie_sim/local/lib/python3.10/dist-packages/crazyflie_sim/visualization/data/env/abandoned_greenhouse.jpg
[2.045s] -- Symlinking: /home/vincent/Ground_Robots/mocap_broadcast_ros/install/crazyflie_sim/local/lib/python3.10/dist-packages/crazyflie_sim/visualization/data/env/aerodynamics_workshop.jpg
[2.047s] -- Symlinking: /home/vincent/Ground_Robots/mocap_broadcast_ros/install/crazyflie_sim/local/lib/python3.10/dist-packages/crazyflie_sim/visualization/data/env/aviation_museum.jpg
[2.048s] -- Symlinking: /home/vincent/Ground_Robots/mocap_broadcast_ros/install/crazyflie_sim/local/lib/python3.10/dist-packages/crazyflie_sim/visualization/data/env/crosswalk.jpg
[2.050s] -- Symlinking: /home/vincent/Ground_Robots/mocap_broadcast_ros/install/crazyflie_sim/local/lib/python3.10/dist-packages/crazyflie_sim/visualization/data/env/derelict_overpass.jpg
[2.051s] -- Symlinking: /home/vincent/Ground_Robots/mocap_broadcast_ros/install/crazyflie_sim/local/lib/python3.10/dist-packages/crazyflie_sim/visualization/data/env/env.jpg
[2.052s] -- Symlinking: /home/vincent/Ground_Robots/mocap_broadcast_ros/install/crazyflie_sim/local/lib/python3.10/dist-packages/crazyflie_sim/visualization/data/env/lago_disola.jpg
[2.054s] -- Symlinking: /home/vincent/Ground_Robots/mocap_broadcast_ros/install/crazyflie_sim/local/lib/python3.10/dist-packages/crazyflie_sim/visualization/data/env/lake_pier.jpg
[2.055s] -- Symlinking: /home/vincent/Ground_Robots/mocap_broadcast_ros/install/crazyflie_sim/local/lib/python3.10/dist-packages/crazyflie_sim/visualization/data/env/machine_shop.jpg
[2.056s] -- Symlinking: /home/vincent/Ground_Robots/mocap_broadcast_ros/install/crazyflie_sim/local/lib/python3.10/dist-packages/crazyflie_sim/visualization/data/env/museumplein.jpg
[2.057s] -- Symlinking: /home/vincent/Ground_Robots/mocap_broadcast_ros/install/crazyflie_sim/local/lib/python3.10/dist-packages/crazyflie_sim/visualization/data/env/peppermint_powerplant.jpg
[2.059s] -- Symlinking: /home/vincent/Ground_Robots/mocap_broadcast_ros/install/crazyflie_sim/local/lib/python3.10/dist-packages/crazyflie_sim/visualization/data/env/studio_garden.jpg
[2.060s] -- Symlinking: /home/vincent/Ground_Robots/mocap_broadcast_ros/install/crazyflie_sim/local/lib/python3.10/dist-packages/crazyflie_sim/visualization/data/model/cf.mtl
[2.061s] -- Symlinking: /home/vincent/Ground_Robots/mocap_broadcast_ros/install/crazyflie_sim/local/lib/python3.10/dist-packages/crazyflie_sim/visualization/data/model/cf.obj
[2.063s] -- Symlinking: /home/vincent/Ground_Robots/mocap_broadcast_ros/install/crazyflie_sim/local/lib/python3.10/dist-packages/crazyflie_sim/visualization/pdf.py
[2.064s] -- Symlinking: /home/vincent/Ground_Robots/mocap_broadcast_ros/install/crazyflie_sim/local/lib/python3.10/dist-packages/crazyflie_sim/visualization/record_states.py
[2.065s] -- Symlinking: /home/vincent/Ground_Robots/mocap_broadcast_ros/install/crazyflie_sim/local/lib/python3.10/dist-packages/crazyflie_sim/visualization/rviz.py
[2.067s] -- Symlinking: /home/vincent/Ground_Robots/mocap_broadcast_ros/install/crazyflie_sim/share/ament_index/resource_index/package_run_dependencies/crazyflie_sim
[2.068s] -- Symlinking: /home/vincent/Ground_Robots/mocap_broadcast_ros/install/crazyflie_sim/share/ament_index/resource_index/parent_prefix_path/crazyflie_sim
[2.070s] -- Symlinking: /home/vincent/Ground_Robots/mocap_broadcast_ros/install/crazyflie_sim/share/crazyflie_sim/environment/ament_prefix_path.sh
[2.071s] -- Symlinking: /home/vincent/Ground_Robots/mocap_broadcast_ros/install/crazyflie_sim/share/crazyflie_sim/environment/ament_prefix_path.dsv
[2.073s] -- Symlinking: /home/vincent/Ground_Robots/mocap_broadcast_ros/install/crazyflie_sim/share/crazyflie_sim/environment/path.sh
[2.074s] -- Symlinking: /home/vincent/Ground_Robots/mocap_broadcast_ros/install/crazyflie_sim/share/crazyflie_sim/environment/path.dsv
[2.076s] -- Symlinking: /home/vincent/Ground_Robots/mocap_broadcast_ros/install/crazyflie_sim/share/crazyflie_sim/local_setup.bash
[2.077s] -- Symlinking: /home/vincent/Ground_Robots/mocap_broadcast_ros/install/crazyflie_sim/share/crazyflie_sim/local_setup.sh
[2.078s] -- Symlinking: /home/vincent/Ground_Robots/mocap_broadcast_ros/install/crazyflie_sim/share/crazyflie_sim/local_setup.zsh
[2.080s] -- Symlinking: /home/vincent/Ground_Robots/mocap_broadcast_ros/install/crazyflie_sim/share/crazyflie_sim/local_setup.dsv
[2.083s] -- Symlinking: /home/vincent/Ground_Robots/mocap_broadcast_ros/install/crazyflie_sim/share/crazyflie_sim/package.dsv
[2.084s] -- Symlinking: /home/vincent/Ground_Robots/mocap_broadcast_ros/install/crazyflie_sim/share/ament_index/resource_index/packages/crazyflie_sim
[2.087s] -- Symlinking: /home/vincent/Ground_Robots/mocap_broadcast_ros/install/crazyflie_sim/share/crazyflie_sim/cmake/crazyflie_simConfig.cmake
[2.089s] -- Symlinking: /home/vincent/Ground_Robots/mocap_broadcast_ros/install/crazyflie_sim/share/crazyflie_sim/cmake/crazyflie_simConfig-version.cmake
[2.091s] -- Symlinking: /home/vincent/Ground_Robots/mocap_broadcast_ros/install/crazyflie_sim/share/crazyflie_sim/package.xml
[2.123s] Listing '/home/vincent/Ground_Robots/mocap_broadcast_ros/install/crazyflie_sim/local/lib/python3.10/dist-packages/crazyflie_sim'...
[2.124s] Compiling '/home/vincent/Ground_Robots/mocap_broadcast_ros/install/crazyflie_sim/local/lib/python3.10/dist-packages/crazyflie_sim/__init__.py'...
[2.124s] Listing '/home/vincent/Ground_Robots/mocap_broadcast_ros/install/crazyflie_sim/local/lib/python3.10/dist-packages/crazyflie_sim/backend'...
[2.124s] Listing '/home/vincent/Ground_Robots/mocap_broadcast_ros/install/crazyflie_sim/local/lib/python3.10/dist-packages/crazyflie_sim/backend/data'...
[2.124s] Listing '/home/vincent/Ground_Robots/mocap_broadcast_ros/install/crazyflie_sim/local/lib/python3.10/dist-packages/crazyflie_sim/backend/data/dynobench'...
[2.124s] Listing '/home/vincent/Ground_Robots/mocap_broadcast_ros/install/crazyflie_sim/local/lib/python3.10/dist-packages/crazyflie_sim/backend/data/neuralswarm2'...
[2.124s] Listing '/home/vincent/Ground_Robots/mocap_broadcast_ros/install/crazyflie_sim/local/lib/python3.10/dist-packages/crazyflie_sim/backend/data/pinocchio'...
[2.124s] Compiling '/home/vincent/Ground_Robots/mocap_broadcast_ros/install/crazyflie_sim/local/lib/python3.10/dist-packages/crazyflie_sim/backend/dynobench.py'...
[2.124s] Compiling '/home/vincent/Ground_Robots/mocap_broadcast_ros/install/crazyflie_sim/local/lib/python3.10/dist-packages/crazyflie_sim/backend/neuralswarm.py'...
[2.124s] Compiling '/home/vincent/Ground_Robots/mocap_broadcast_ros/install/crazyflie_sim/local/lib/python3.10/dist-packages/crazyflie_sim/backend/none.py'...
[2.124s] Compiling '/home/vincent/Ground_Robots/mocap_broadcast_ros/install/crazyflie_sim/local/lib/python3.10/dist-packages/crazyflie_sim/backend/np.py'...
[2.124s] Compiling '/home/vincent/Ground_Robots/mocap_broadcast_ros/install/crazyflie_sim/local/lib/python3.10/dist-packages/crazyflie_sim/backend/pinocchio.py'...
[2.124s] Compiling '/home/vincent/Ground_Robots/mocap_broadcast_ros/install/crazyflie_sim/local/lib/python3.10/dist-packages/crazyflie_sim/crazyflie_server.py'...
[2.124s] Compiling '/home/vincent/Ground_Robots/mocap_broadcast_ros/install/crazyflie_sim/local/lib/python3.10/dist-packages/crazyflie_sim/crazyflie_sil.py'...
[2.124s] Compiling '/home/vincent/Ground_Robots/mocap_broadcast_ros/install/crazyflie_sim/local/lib/python3.10/dist-packages/crazyflie_sim/sim_data_types.py'...
[2.124s] Listing '/home/vincent/Ground_Robots/mocap_broadcast_ros/install/crazyflie_sim/local/lib/python3.10/dist-packages/crazyflie_sim/visualization'...
[2.125s] Compiling '/home/vincent/Ground_Robots/mocap_broadcast_ros/install/crazyflie_sim/local/lib/python3.10/dist-packages/crazyflie_sim/visualization/blender.py'...
[2.125s] Listing '/home/vincent/Ground_Robots/mocap_broadcast_ros/install/crazyflie_sim/local/lib/python3.10/dist-packages/crazyflie_sim/visualization/data'...
[2.125s] Listing '/home/vincent/Ground_Robots/mocap_broadcast_ros/install/crazyflie_sim/local/lib/python3.10/dist-packages/crazyflie_sim/visualization/data/env'...
[2.125s] Listing '/home/vincent/Ground_Robots/mocap_broadcast_ros/install/crazyflie_sim/local/lib/python3.10/dist-packages/crazyflie_sim/visualization/data/model'...
[2.125s] Compiling '/home/vincent/Ground_Robots/mocap_broadcast_ros/install/crazyflie_sim/local/lib/python3.10/dist-packages/crazyflie_sim/visualization/pdf.py'...
[2.125s] Compiling '/home/vincent/Ground_Robots/mocap_broadcast_ros/install/crazyflie_sim/local/lib/python3.10/dist-packages/crazyflie_sim/visualization/record_states.py'...
[2.125s] Compiling '/home/vincent/Ground_Robots/mocap_broadcast_ros/install/crazyflie_sim/local/lib/python3.10/dist-packages/crazyflie_sim/visualization/rviz.py'...
[2.131s] Invoked command in '/home/vincent/Ground_Robots/mocap_broadcast_ros/build/crazyflie_sim' returned '0': AMENT_PREFIX_PATH=/home/vincent/Ground_Robots/mocap_broadcast_ros/install/crazyflie_interfaces:${AMENT_PREFIX_PATH} CMAKE_PREFIX_PATH=/home/vincent/Ground_Robots/mocap_broadcast_ros/install/crazyflie_interfaces:/opt/ros/humble LD_LIBRARY_PATH=/home/vincent/Ground_Robots/mocap_broadcast_ros/install/crazyflie_interfaces/lib:${LD_LIBRARY_PATH} PYTHONPATH=/home/vincent/Ground_Robots/mocap_broadcast_ros/install/crazyflie_interfaces/local/lib/python3.10/dist-packages:${PYTHONPATH} /home/vincent/cmake/bin/cmake --install /home/vincent/Ground_Robots/mocap_broadcast_ros/build/crazyflie_sim
