[0.011s] Invoking command in '/home/vincent/Ground_Robots/mocap_broadcast_ros/build/crazyflie_examples': AMENT_PREFIX_PATH=/home/vincent/Ground_Robots/mocap_broadcast_ros/install/crazyflie_py:/home/vincent/Ground_Robots/mocap_broadcast_ros/install/crazyflie_interfaces:${AMENT_PREFIX_PATH} CMAKE_PREFIX_PATH=/home/vincent/Ground_Robots/mocap_broadcast_ros/install/crazyflie_interfaces:/opt/ros/humble LD_LIBRARY_PATH=/home/vincent/Ground_Robots/mocap_broadcast_ros/install/crazyflie_interfaces/lib:${LD_LIBRARY_PATH} PYTHONPATH=/home/vincent/Ground_Robots/mocap_broadcast_ros/build/crazyflie_py:/home/vincent/Ground_Robots/mocap_broadcast_ros/install/crazyflie_py/lib/python3.10/site-packages:/home/vincent/Ground_Robots/mocap_broadcast_ros/install/crazyflie_interfaces/local/lib/python3.10/dist-packages:${PYTHONPATH} /home/vincent/cmake/bin/cmake /home/vincent/Ground_Robots/mocap_broadcast_ros/src/crazyswarm2/crazyflie_examples -DCMAKE_EXPORT_COMPILE_COMMANDS=ON -DAMENT_CMAKE_SYMLINK_INSTALL=1 -DCMAKE_INSTALL_PREFIX=/home/vincent/Ground_Robots/mocap_broadcast_ros/install/crazyflie_examples
[0.057s] -- The C compiler identification is GNU 11.4.0
[0.125s] -- The CXX compiler identification is GNU 11.4.0
[0.138s] -- Detecting C compiler ABI info
[0.200s] -- Detecting C compiler ABI info - done
[0.222s] -- Check for working C compiler: /usr/bin/cc - skipped
[0.222s] -- Detecting C compile features
[0.223s] -- Detecting C compile features - done
[0.228s] -- Detecting CXX compiler ABI info
[0.332s] -- Detecting CXX compiler ABI info - done
[0.369s] -- Check for working CXX compiler: /usr/bin/c++ - skipped
[0.370s] -- Detecting CXX compile features
[0.371s] -- Detecting CXX compile features - done
[0.373s] -- Found ament_cmake: 1.3.12 (/opt/ros/humble/share/ament_cmake/cmake)
[0.531s] -- Found Python3: /usr/bin/python3 (found version "3.10.12") found components: Interpreter
[0.645s] -- Override CMake install command with custom implementation using symlinks instead of copying resources
[0.832s] -- Found ament_cmake_pytest: 1.3.12 (/opt/ros/humble/share/ament_cmake_pytest/cmake)
[1.862s] -- Configuring done (1.9s)
[1.867s] -- Generating done (0.0s)
[1.869s] [33mCMake Warning:
[1.869s]   Manually-specified variables were not used by the project:
[1.869s] 
[1.869s]     CMAKE_EXPORT_COMPILE_COMMANDS
[1.869s] 
[1.869s] [0m
[1.870s] -- Build files have been written to: /home/vincent/Ground_Robots/mocap_broadcast_ros/build/crazyflie_examples
[1.877s] Invoked command in '/home/vincent/Ground_Robots/mocap_broadcast_ros/build/crazyflie_examples' returned '0': AMENT_PREFIX_PATH=/home/vincent/Ground_Robots/mocap_broadcast_ros/install/crazyflie_py:/home/vincent/Ground_Robots/mocap_broadcast_ros/install/crazyflie_interfaces:${AMENT_PREFIX_PATH} CMAKE_PREFIX_PATH=/home/vincent/Ground_Robots/mocap_broadcast_ros/install/crazyflie_interfaces:/opt/ros/humble LD_LIBRARY_PATH=/home/vincent/Ground_Robots/mocap_broadcast_ros/install/crazyflie_interfaces/lib:${LD_LIBRARY_PATH} PYTHONPATH=/home/vincent/Ground_Robots/mocap_broadcast_ros/build/crazyflie_py:/home/vincent/Ground_Robots/mocap_broadcast_ros/install/crazyflie_py/lib/python3.10/site-packages:/home/vincent/Ground_Robots/mocap_broadcast_ros/install/crazyflie_interfaces/local/lib/python3.10/dist-packages:${PYTHONPATH} /home/vincent/cmake/bin/cmake /home/vincent/Ground_Robots/mocap_broadcast_ros/src/crazyswarm2/crazyflie_examples -DCMAKE_EXPORT_COMPILE_COMMANDS=ON -DAMENT_CMAKE_SYMLINK_INSTALL=1 -DCMAKE_INSTALL_PREFIX=/home/vincent/Ground_Robots/mocap_broadcast_ros/install/crazyflie_examples
[1.878s] Invoking command in '/home/vincent/Ground_Robots/mocap_broadcast_ros/build/crazyflie_examples': AMENT_PREFIX_PATH=/home/vincent/Ground_Robots/mocap_broadcast_ros/install/crazyflie_py:/home/vincent/Ground_Robots/mocap_broadcast_ros/install/crazyflie_interfaces:${AMENT_PREFIX_PATH} CMAKE_PREFIX_PATH=/home/vincent/Ground_Robots/mocap_broadcast_ros/install/crazyflie_interfaces:/opt/ros/humble LD_LIBRARY_PATH=/home/vincent/Ground_Robots/mocap_broadcast_ros/install/crazyflie_interfaces/lib:${LD_LIBRARY_PATH} PYTHONPATH=/home/vincent/Ground_Robots/mocap_broadcast_ros/build/crazyflie_py:/home/vincent/Ground_Robots/mocap_broadcast_ros/install/crazyflie_py/lib/python3.10/site-packages:/home/vincent/Ground_Robots/mocap_broadcast_ros/install/crazyflie_interfaces/local/lib/python3.10/dist-packages:${PYTHONPATH} /home/vincent/cmake/bin/cmake --build /home/vincent/Ground_Robots/mocap_broadcast_ros/build/crazyflie_examples -- -j18 -l18
[1.900s] Built target ament_cmake_python_symlink_crazyflie_examples
[1.900s] Built target ament_cmake_python_symlink_crazyflie_examples_setup
[2.131s] running egg_info
[2.131s] creating crazyflie_examples.egg-info
[2.131s] writing crazyflie_examples.egg-info/PKG-INFO
[2.131s] writing dependency_links to crazyflie_examples.egg-info/dependency_links.txt
[2.131s] writing entry points to crazyflie_examples.egg-info/entry_points.txt
[2.131s] writing top-level names to crazyflie_examples.egg-info/top_level.txt
[2.131s] writing manifest file 'crazyflie_examples.egg-info/SOURCES.txt'
[2.133s] reading manifest file 'crazyflie_examples.egg-info/SOURCES.txt'
[2.133s] writing manifest file 'crazyflie_examples.egg-info/SOURCES.txt'
[2.149s] Built target ament_cmake_python_build_crazyflie_examples_egg
[2.163s] running install_scripts
[2.166s] /usr/lib/python3/dist-packages/setuptools/command/install.py:34: SetuptoolsDeprecationWarning: setup.py install is deprecated. Use build and pip and other standards-based tools.
[2.166s]   warnings.warn(
[2.188s] running egg_info
[2.188s] writing crazyflie_examples.egg-info/PKG-INFO
[2.188s] writing dependency_links to crazyflie_examples.egg-info/dependency_links.txt
[2.189s] writing entry points to crazyflie_examples.egg-info/entry_points.txt
[2.189s] writing top-level names to crazyflie_examples.egg-info/top_level.txt
[2.190s] reading manifest file 'crazyflie_examples.egg-info/SOURCES.txt'
[2.190s] writing manifest file 'crazyflie_examples.egg-info/SOURCES.txt'
[2.191s] Installing arming script to scripts
[2.191s] Installing cmd_full_state script to scripts
[2.191s] Installing figure8 script to scripts
[2.191s] Installing group_mask script to scripts
[2.191s] Installing hello_world script to scripts
[2.191s] Installing infinite_flight script to scripts
[2.192s] Installing multi_trajectory script to scripts
[2.192s] Installing nice_hover script to scripts
[2.192s] Installing set_param script to scripts
[2.192s] Installing swap script to scripts
[2.211s] Built target ament_cmake_python_build_crazyflie_examples_scripts
[2.215s] Invoked command in '/home/vincent/Ground_Robots/mocap_broadcast_ros/build/crazyflie_examples' returned '0': AMENT_PREFIX_PATH=/home/vincent/Ground_Robots/mocap_broadcast_ros/install/crazyflie_py:/home/vincent/Ground_Robots/mocap_broadcast_ros/install/crazyflie_interfaces:${AMENT_PREFIX_PATH} CMAKE_PREFIX_PATH=/home/vincent/Ground_Robots/mocap_broadcast_ros/install/crazyflie_interfaces:/opt/ros/humble LD_LIBRARY_PATH=/home/vincent/Ground_Robots/mocap_broadcast_ros/install/crazyflie_interfaces/lib:${LD_LIBRARY_PATH} PYTHONPATH=/home/vincent/Ground_Robots/mocap_broadcast_ros/build/crazyflie_py:/home/vincent/Ground_Robots/mocap_broadcast_ros/install/crazyflie_py/lib/python3.10/site-packages:/home/vincent/Ground_Robots/mocap_broadcast_ros/install/crazyflie_interfaces/local/lib/python3.10/dist-packages:${PYTHONPATH} /home/vincent/cmake/bin/cmake --build /home/vincent/Ground_Robots/mocap_broadcast_ros/build/crazyflie_examples -- -j18 -l18
[2.217s] Invoking command in '/home/vincent/Ground_Robots/mocap_broadcast_ros/build/crazyflie_examples': AMENT_PREFIX_PATH=/home/vincent/Ground_Robots/mocap_broadcast_ros/install/crazyflie_py:/home/vincent/Ground_Robots/mocap_broadcast_ros/install/crazyflie_interfaces:${AMENT_PREFIX_PATH} CMAKE_PREFIX_PATH=/home/vincent/Ground_Robots/mocap_broadcast_ros/install/crazyflie_interfaces:/opt/ros/humble LD_LIBRARY_PATH=/home/vincent/Ground_Robots/mocap_broadcast_ros/install/crazyflie_interfaces/lib:${LD_LIBRARY_PATH} PYTHONPATH=/home/vincent/Ground_Robots/mocap_broadcast_ros/build/crazyflie_py:/home/vincent/Ground_Robots/mocap_broadcast_ros/install/crazyflie_py/lib/python3.10/site-packages:/home/vincent/Ground_Robots/mocap_broadcast_ros/install/crazyflie_interfaces/local/lib/python3.10/dist-packages:${PYTHONPATH} /home/vincent/cmake/bin/cmake --install /home/vincent/Ground_Robots/mocap_broadcast_ros/build/crazyflie_examples
[2.219s] -- Install configuration: ""
[2.219s] -- Execute custom install script
[2.220s] -- Symlinking: /home/vincent/Ground_Robots/mocap_broadcast_ros/install/crazyflie_examples/share/crazyflie_examples/environment/pythonpath.sh
[2.221s] -- Symlinking: /home/vincent/Ground_Robots/mocap_broadcast_ros/install/crazyflie_examples/share/crazyflie_examples/environment/pythonpath.dsv
[2.223s] -- Symlinking: /home/vincent/Ground_Robots/mocap_broadcast_ros/install/crazyflie_examples/local/lib/python3.10/dist-packages/crazyflie_examples-1.0.3-py3.10.egg-info/PKG-INFO
[2.225s] -- Symlinking: /home/vincent/Ground_Robots/mocap_broadcast_ros/install/crazyflie_examples/local/lib/python3.10/dist-packages/crazyflie_examples-1.0.3-py3.10.egg-info/SOURCES.txt
[2.226s] -- Symlinking: /home/vincent/Ground_Robots/mocap_broadcast_ros/install/crazyflie_examples/local/lib/python3.10/dist-packages/crazyflie_examples-1.0.3-py3.10.egg-info/dependency_links.txt
[2.227s] -- Symlinking: /home/vincent/Ground_Robots/mocap_broadcast_ros/install/crazyflie_examples/local/lib/python3.10/dist-packages/crazyflie_examples-1.0.3-py3.10.egg-info/entry_points.txt
[2.229s] -- Symlinking: /home/vincent/Ground_Robots/mocap_broadcast_ros/install/crazyflie_examples/local/lib/python3.10/dist-packages/crazyflie_examples-1.0.3-py3.10.egg-info/top_level.txt
[2.231s] -- Symlinking: /home/vincent/Ground_Robots/mocap_broadcast_ros/install/crazyflie_examples/lib/crazyflie_examples//arming
[2.233s] -- Symlinking: /home/vincent/Ground_Robots/mocap_broadcast_ros/install/crazyflie_examples/lib/crazyflie_examples//cmd_full_state
[2.235s] -- Symlinking: /home/vincent/Ground_Robots/mocap_broadcast_ros/install/crazyflie_examples/lib/crazyflie_examples//figure8
[2.237s] -- Symlinking: /home/vincent/Ground_Robots/mocap_broadcast_ros/install/crazyflie_examples/lib/crazyflie_examples//group_mask
[2.239s] -- Symlinking: /home/vincent/Ground_Robots/mocap_broadcast_ros/install/crazyflie_examples/lib/crazyflie_examples//hello_world
[2.241s] -- Symlinking: /home/vincent/Ground_Robots/mocap_broadcast_ros/install/crazyflie_examples/lib/crazyflie_examples//infinite_flight
[2.244s] -- Symlinking: /home/vincent/Ground_Robots/mocap_broadcast_ros/install/crazyflie_examples/lib/crazyflie_examples//multi_trajectory
[2.245s] -- Symlinking: /home/vincent/Ground_Robots/mocap_broadcast_ros/install/crazyflie_examples/lib/crazyflie_examples//nice_hover
[2.246s] -- Symlinking: /home/vincent/Ground_Robots/mocap_broadcast_ros/install/crazyflie_examples/lib/crazyflie_examples//set_param
[2.248s] -- Symlinking: /home/vincent/Ground_Robots/mocap_broadcast_ros/install/crazyflie_examples/lib/crazyflie_examples//swap
[2.251s] -- Symlinking: /home/vincent/Ground_Robots/mocap_broadcast_ros/install/crazyflie_examples/local/lib/python3.10/dist-packages/crazyflie_examples/__init__.py
[2.252s] -- Symlinking: /home/vincent/Ground_Robots/mocap_broadcast_ros/install/crazyflie_examples/local/lib/python3.10/dist-packages/crazyflie_examples/arming.py
[2.253s] -- Symlinking: /home/vincent/Ground_Robots/mocap_broadcast_ros/install/crazyflie_examples/local/lib/python3.10/dist-packages/crazyflie_examples/cmd_full_state.py
[2.255s] -- Symlinking: /home/vincent/Ground_Robots/mocap_broadcast_ros/install/crazyflie_examples/local/lib/python3.10/dist-packages/crazyflie_examples/data/figure8.csv
[2.256s] -- Symlinking: /home/vincent/Ground_Robots/mocap_broadcast_ros/install/crazyflie_examples/local/lib/python3.10/dist-packages/crazyflie_examples/data/multi_trajectory/traj0.csv
[2.258s] -- Symlinking: /home/vincent/Ground_Robots/mocap_broadcast_ros/install/crazyflie_examples/local/lib/python3.10/dist-packages/crazyflie_examples/data/multi_trajectory/traj1.csv
[2.259s] -- Symlinking: /home/vincent/Ground_Robots/mocap_broadcast_ros/install/crazyflie_examples/local/lib/python3.10/dist-packages/crazyflie_examples/figure8.py
[2.260s] -- Symlinking: /home/vincent/Ground_Robots/mocap_broadcast_ros/install/crazyflie_examples/local/lib/python3.10/dist-packages/crazyflie_examples/group_mask.py
[2.261s] -- Symlinking: /home/vincent/Ground_Robots/mocap_broadcast_ros/install/crazyflie_examples/local/lib/python3.10/dist-packages/crazyflie_examples/hello_world.py
[2.263s] -- Symlinking: /home/vincent/Ground_Robots/mocap_broadcast_ros/install/crazyflie_examples/local/lib/python3.10/dist-packages/crazyflie_examples/infinite_flight.py
[2.264s] -- Symlinking: /home/vincent/Ground_Robots/mocap_broadcast_ros/install/crazyflie_examples/local/lib/python3.10/dist-packages/crazyflie_examples/multi_trajectory.py
[2.266s] -- Symlinking: /home/vincent/Ground_Robots/mocap_broadcast_ros/install/crazyflie_examples/local/lib/python3.10/dist-packages/crazyflie_examples/nice_hover.py
[2.267s] -- Symlinking: /home/vincent/Ground_Robots/mocap_broadcast_ros/install/crazyflie_examples/local/lib/python3.10/dist-packages/crazyflie_examples/set_param.py
[2.268s] -- Symlinking: /home/vincent/Ground_Robots/mocap_broadcast_ros/install/crazyflie_examples/local/lib/python3.10/dist-packages/crazyflie_examples/swap.py
[2.270s] -- Symlinking: /home/vincent/Ground_Robots/mocap_broadcast_ros/install/crazyflie_examples/share/crazyflie_examples//config/nav2_params.yaml
[2.271s] -- Symlinking: /home/vincent/Ground_Robots/mocap_broadcast_ros/install/crazyflie_examples/share/crazyflie_examples//config/nav2_view.rviz
[2.273s] -- Symlinking: /home/vincent/Ground_Robots/mocap_broadcast_ros/install/crazyflie_examples/share/crazyflie_examples//config/slam_params.yaml
[2.274s] -- Symlinking: /home/vincent/Ground_Robots/mocap_broadcast_ros/install/crazyflie_examples/share/crazyflie_examples//data/map.data
[2.276s] -- Symlinking: /home/vincent/Ground_Robots/mocap_broadcast_ros/install/crazyflie_examples/share/crazyflie_examples//data/map.pgm
[2.278s] -- Symlinking: /home/vincent/Ground_Robots/mocap_broadcast_ros/install/crazyflie_examples/share/crazyflie_examples//data/map.posegraph
[2.280s] -- Symlinking: /home/vincent/Ground_Robots/mocap_broadcast_ros/install/crazyflie_examples/share/crazyflie_examples//data/map.yaml
[2.282s] -- Symlinking: /home/vincent/Ground_Robots/mocap_broadcast_ros/install/crazyflie_examples/share/crazyflie_examples//launch/keyboard_velmux_launch.py
[2.283s] -- Symlinking: /home/vincent/Ground_Robots/mocap_broadcast_ros/install/crazyflie_examples/share/crazyflie_examples//launch/launch.py
[2.285s] -- Symlinking: /home/vincent/Ground_Robots/mocap_broadcast_ros/install/crazyflie_examples/share/crazyflie_examples//launch/multiranger_mapping_launch.py
[2.286s] -- Symlinking: /home/vincent/Ground_Robots/mocap_broadcast_ros/install/crazyflie_examples/share/crazyflie_examples//launch/multiranger_nav2_launch.py
[2.287s] -- Symlinking: /home/vincent/Ground_Robots/mocap_broadcast_ros/install/crazyflie_examples/share/crazyflie_examples//launch/multiranger_simple_mapper_launch.py
[2.289s] -- Symlinking: /home/vincent/Ground_Robots/mocap_broadcast_ros/install/crazyflie_examples/share/ament_index/resource_index/package_run_dependencies/crazyflie_examples
[2.290s] -- Symlinking: /home/vincent/Ground_Robots/mocap_broadcast_ros/install/crazyflie_examples/share/ament_index/resource_index/parent_prefix_path/crazyflie_examples
[2.292s] -- Symlinking: /home/vincent/Ground_Robots/mocap_broadcast_ros/install/crazyflie_examples/share/crazyflie_examples/environment/ament_prefix_path.sh
[2.294s] -- Symlinking: /home/vincent/Ground_Robots/mocap_broadcast_ros/install/crazyflie_examples/share/crazyflie_examples/environment/ament_prefix_path.dsv
[2.296s] -- Symlinking: /home/vincent/Ground_Robots/mocap_broadcast_ros/install/crazyflie_examples/share/crazyflie_examples/environment/path.sh
[2.298s] -- Symlinking: /home/vincent/Ground_Robots/mocap_broadcast_ros/install/crazyflie_examples/share/crazyflie_examples/environment/path.dsv
[2.300s] -- Symlinking: /home/vincent/Ground_Robots/mocap_broadcast_ros/install/crazyflie_examples/share/crazyflie_examples/local_setup.bash
[2.302s] -- Symlinking: /home/vincent/Ground_Robots/mocap_broadcast_ros/install/crazyflie_examples/share/crazyflie_examples/local_setup.sh
[2.304s] -- Symlinking: /home/vincent/Ground_Robots/mocap_broadcast_ros/install/crazyflie_examples/share/crazyflie_examples/local_setup.zsh
[2.306s] -- Symlinking: /home/vincent/Ground_Robots/mocap_broadcast_ros/install/crazyflie_examples/share/crazyflie_examples/local_setup.dsv
[2.308s] -- Symlinking: /home/vincent/Ground_Robots/mocap_broadcast_ros/install/crazyflie_examples/share/crazyflie_examples/package.dsv
[2.310s] -- Symlinking: /home/vincent/Ground_Robots/mocap_broadcast_ros/install/crazyflie_examples/share/ament_index/resource_index/packages/crazyflie_examples
[2.312s] -- Symlinking: /home/vincent/Ground_Robots/mocap_broadcast_ros/install/crazyflie_examples/share/crazyflie_examples/cmake/crazyflie_examplesConfig.cmake
[2.314s] -- Symlinking: /home/vincent/Ground_Robots/mocap_broadcast_ros/install/crazyflie_examples/share/crazyflie_examples/cmake/crazyflie_examplesConfig-version.cmake
[2.316s] -- Symlinking: /home/vincent/Ground_Robots/mocap_broadcast_ros/install/crazyflie_examples/share/crazyflie_examples/package.xml
[2.361s] Listing '/home/vincent/Ground_Robots/mocap_broadcast_ros/install/crazyflie_examples/local/lib/python3.10/dist-packages/crazyflie_examples'...
[2.361s] Compiling '/home/vincent/Ground_Robots/mocap_broadcast_ros/install/crazyflie_examples/local/lib/python3.10/dist-packages/crazyflie_examples/__init__.py'...
[2.361s] Compiling '/home/vincent/Ground_Robots/mocap_broadcast_ros/install/crazyflie_examples/local/lib/python3.10/dist-packages/crazyflie_examples/arming.py'...
[2.361s] Compiling '/home/vincent/Ground_Robots/mocap_broadcast_ros/install/crazyflie_examples/local/lib/python3.10/dist-packages/crazyflie_examples/cmd_full_state.py'...
[2.361s] Listing '/home/vincent/Ground_Robots/mocap_broadcast_ros/install/crazyflie_examples/local/lib/python3.10/dist-packages/crazyflie_examples/data'...
[2.361s] Listing '/home/vincent/Ground_Robots/mocap_broadcast_ros/install/crazyflie_examples/local/lib/python3.10/dist-packages/crazyflie_examples/data/multi_trajectory'...
[2.361s] Compiling '/home/vincent/Ground_Robots/mocap_broadcast_ros/install/crazyflie_examples/local/lib/python3.10/dist-packages/crazyflie_examples/figure8.py'...
[2.361s] Compiling '/home/vincent/Ground_Robots/mocap_broadcast_ros/install/crazyflie_examples/local/lib/python3.10/dist-packages/crazyflie_examples/group_mask.py'...
[2.361s] Compiling '/home/vincent/Ground_Robots/mocap_broadcast_ros/install/crazyflie_examples/local/lib/python3.10/dist-packages/crazyflie_examples/hello_world.py'...
[2.361s] Compiling '/home/vincent/Ground_Robots/mocap_broadcast_ros/install/crazyflie_examples/local/lib/python3.10/dist-packages/crazyflie_examples/infinite_flight.py'...
[2.361s] Compiling '/home/vincent/Ground_Robots/mocap_broadcast_ros/install/crazyflie_examples/local/lib/python3.10/dist-packages/crazyflie_examples/multi_trajectory.py'...
[2.361s] Compiling '/home/vincent/Ground_Robots/mocap_broadcast_ros/install/crazyflie_examples/local/lib/python3.10/dist-packages/crazyflie_examples/nice_hover.py'...
[2.361s] Compiling '/home/vincent/Ground_Robots/mocap_broadcast_ros/install/crazyflie_examples/local/lib/python3.10/dist-packages/crazyflie_examples/set_param.py'...
[2.361s] Compiling '/home/vincent/Ground_Robots/mocap_broadcast_ros/install/crazyflie_examples/local/lib/python3.10/dist-packages/crazyflie_examples/swap.py'...
[2.370s] Invoked command in '/home/vincent/Ground_Robots/mocap_broadcast_ros/build/crazyflie_examples' returned '0': AMENT_PREFIX_PATH=/home/vincent/Ground_Robots/mocap_broadcast_ros/install/crazyflie_py:/home/vincent/Ground_Robots/mocap_broadcast_ros/install/crazyflie_interfaces:${AMENT_PREFIX_PATH} CMAKE_PREFIX_PATH=/home/vincent/Ground_Robots/mocap_broadcast_ros/install/crazyflie_interfaces:/opt/ros/humble LD_LIBRARY_PATH=/home/vincent/Ground_Robots/mocap_broadcast_ros/install/crazyflie_interfaces/lib:${LD_LIBRARY_PATH} PYTHONPATH=/home/vincent/Ground_Robots/mocap_broadcast_ros/build/crazyflie_py:/home/vincent/Ground_Robots/mocap_broadcast_ros/install/crazyflie_py/lib/python3.10/site-packages:/home/vincent/Ground_Robots/mocap_broadcast_ros/install/crazyflie_interfaces/local/lib/python3.10/dist-packages:${PYTHONPATH} /home/vincent/cmake/bin/cmake --install /home/vincent/Ground_Robots/mocap_broadcast_ros/build/crazyflie_examples
