[0.011s] Invoking command in '/home/vincent/Ground_Robots/mocap_broadcast_ros/build/motion_capture_tracking_interfaces': CMAKE_PREFIX_PATH=/opt/ros/humble /home/vincent/cmake/bin/cmake --build /home/vincent/Ground_Robots/mocap_broadcast_ros/build/motion_capture_tracking_interfaces -- -j18 -l18
[0.031s] [  2%] Built target motion_capture_tracking_interfaces__cpp
[0.032s] [  2%] Built target ament_cmake_python_symlink_motion_capture_tracking_interfaces
[0.033s] [ 12%] Built target motion_capture_tracking_interfaces__rosidl_generator_c
[0.038s] [ 23%] Built target motion_capture_tracking_interfaces__rosidl_typesupport_introspection_cpp
[0.040s] [ 33%] Built target motion_capture_tracking_interfaces__rosidl_typesupport_cpp
[0.041s] [ 43%] Built target motion_capture_tracking_interfaces__rosidl_typesupport_fastrtps_cpp
[0.041s] [ 53%] Built target motion_capture_tracking_interfaces__rosidl_typesupport_c
[0.042s] [ 64%] Built target motion_capture_tracking_interfaces__rosidl_typesupport_fastrtps_c
[0.044s] [ 74%] Built target motion_capture_tracking_interfaces__rosidl_typesupport_introspection_c
[0.051s] [ 74%] Built target motion_capture_tracking_interfaces
[0.060s] [ 76%] Built target motion_capture_tracking_interfaces__py
[0.071s] [ 84%] Built target motion_capture_tracking_interfaces__rosidl_generator_py
[0.078s] [ 89%] Built target motion_capture_tracking_interfaces__rosidl_typesupport_fastrtps_c__pyext
[0.082s] [ 94%] Built target motion_capture_tracking_interfaces__rosidl_typesupport_c__pyext
[0.082s] [100%] Built target motion_capture_tracking_interfaces__rosidl_typesupport_introspection_c__pyext
[0.166s] running egg_info
[0.167s] writing motion_capture_tracking_interfaces.egg-info/PKG-INFO
[0.167s] writing dependency_links to motion_capture_tracking_interfaces.egg-info/dependency_links.txt
[0.167s] writing top-level names to motion_capture_tracking_interfaces.egg-info/top_level.txt
[0.168s] reading manifest file 'motion_capture_tracking_interfaces.egg-info/SOURCES.txt'
[0.168s] writing manifest file 'motion_capture_tracking_interfaces.egg-info/SOURCES.txt'
[0.184s] [100%] Built target ament_cmake_python_build_motion_capture_tracking_interfaces_egg
[0.188s] Invoked command in '/home/vincent/Ground_Robots/mocap_broadcast_ros/build/motion_capture_tracking_interfaces' returned '0': CMAKE_PREFIX_PATH=/opt/ros/humble /home/vincent/cmake/bin/cmake --build /home/vincent/Ground_Robots/mocap_broadcast_ros/build/motion_capture_tracking_interfaces -- -j18 -l18
[0.191s] Invoking command in '/home/vincent/Ground_Robots/mocap_broadcast_ros/build/motion_capture_tracking_interfaces': CMAKE_PREFIX_PATH=/opt/ros/humble /home/vincent/cmake/bin/cmake --install /home/vincent/Ground_Robots/mocap_broadcast_ros/build/motion_capture_tracking_interfaces
[0.194s] -- Install configuration: ""
[0.194s] -- Execute custom install script
[0.194s] -- Up-to-date symlink: /home/vincent/Ground_Robots/mocap_broadcast_ros/install/motion_capture_tracking_interfaces/share/ament_index/resource_index/rosidl_interfaces/motion_capture_tracking_interfaces
[0.195s] -- Up-to-date symlink: /home/vincent/Ground_Robots/mocap_broadcast_ros/install/motion_capture_tracking_interfaces/include/motion_capture_tracking_interfaces/motion_capture_tracking_interfaces/msg/detail/named_pose__functions.h
[0.195s] -- Up-to-date symlink: /home/vincent/Ground_Robots/mocap_broadcast_ros/install/motion_capture_tracking_interfaces/include/motion_capture_tracking_interfaces/motion_capture_tracking_interfaces/msg/detail/named_pose__struct.h
[0.195s] -- Up-to-date symlink: /home/vincent/Ground_Robots/mocap_broadcast_ros/install/motion_capture_tracking_interfaces/include/motion_capture_tracking_interfaces/motion_capture_tracking_interfaces/msg/detail/named_pose__type_support.h
[0.195s] -- Up-to-date symlink: /home/vincent/Ground_Robots/mocap_broadcast_ros/install/motion_capture_tracking_interfaces/include/motion_capture_tracking_interfaces/motion_capture_tracking_interfaces/msg/detail/named_pose_array__functions.h
[0.195s] -- Up-to-date symlink: /home/vincent/Ground_Robots/mocap_broadcast_ros/install/motion_capture_tracking_interfaces/include/motion_capture_tracking_interfaces/motion_capture_tracking_interfaces/msg/detail/named_pose_array__struct.h
[0.195s] -- Up-to-date symlink: /home/vincent/Ground_Robots/mocap_broadcast_ros/install/motion_capture_tracking_interfaces/include/motion_capture_tracking_interfaces/motion_capture_tracking_interfaces/msg/detail/named_pose_array__type_support.h
[0.195s] -- Up-to-date symlink: /home/vincent/Ground_Robots/mocap_broadcast_ros/install/motion_capture_tracking_interfaces/include/motion_capture_tracking_interfaces/motion_capture_tracking_interfaces/msg/named_pose.h
[0.196s] -- Up-to-date symlink: /home/vincent/Ground_Robots/mocap_broadcast_ros/install/motion_capture_tracking_interfaces/include/motion_capture_tracking_interfaces/motion_capture_tracking_interfaces/msg/named_pose_array.h
[0.196s] -- Up-to-date symlink: /home/vincent/Ground_Robots/mocap_broadcast_ros/install/motion_capture_tracking_interfaces/include/motion_capture_tracking_interfaces/motion_capture_tracking_interfaces/msg/rosidl_generator_c__visibility_control.h
[0.196s] -- Up-to-date symlink: /home/vincent/Ground_Robots/mocap_broadcast_ros/install/motion_capture_tracking_interfaces/share/motion_capture_tracking_interfaces/environment/library_path.sh
[0.196s] -- Up-to-date symlink: /home/vincent/Ground_Robots/mocap_broadcast_ros/install/motion_capture_tracking_interfaces/share/motion_capture_tracking_interfaces/environment/library_path.dsv
[0.197s] -- Up-to-date symlink: /home/vincent/Ground_Robots/mocap_broadcast_ros/install/motion_capture_tracking_interfaces/include/motion_capture_tracking_interfaces/motion_capture_tracking_interfaces/msg/detail/named_pose__rosidl_typesupport_fastrtps_c.h
[0.197s] -- Up-to-date symlink: /home/vincent/Ground_Robots/mocap_broadcast_ros/install/motion_capture_tracking_interfaces/include/motion_capture_tracking_interfaces/motion_capture_tracking_interfaces/msg/detail/named_pose_array__rosidl_typesupport_fastrtps_c.h
[0.197s] -- Up-to-date symlink: /home/vincent/Ground_Robots/mocap_broadcast_ros/install/motion_capture_tracking_interfaces/include/motion_capture_tracking_interfaces/motion_capture_tracking_interfaces/msg/rosidl_typesupport_fastrtps_c__visibility_control.h
[0.197s] -- Up-to-date symlink: /home/vincent/Ground_Robots/mocap_broadcast_ros/install/motion_capture_tracking_interfaces/include/motion_capture_tracking_interfaces/motion_capture_tracking_interfaces/msg/detail/named_pose__builder.hpp
[0.197s] -- Up-to-date symlink: /home/vincent/Ground_Robots/mocap_broadcast_ros/install/motion_capture_tracking_interfaces/include/motion_capture_tracking_interfaces/motion_capture_tracking_interfaces/msg/detail/named_pose__struct.hpp
[0.197s] -- Up-to-date symlink: /home/vincent/Ground_Robots/mocap_broadcast_ros/install/motion_capture_tracking_interfaces/include/motion_capture_tracking_interfaces/motion_capture_tracking_interfaces/msg/detail/named_pose__traits.hpp
[0.198s] -- Up-to-date symlink: /home/vincent/Ground_Robots/mocap_broadcast_ros/install/motion_capture_tracking_interfaces/include/motion_capture_tracking_interfaces/motion_capture_tracking_interfaces/msg/detail/named_pose__type_support.hpp
[0.198s] -- Up-to-date symlink: /home/vincent/Ground_Robots/mocap_broadcast_ros/install/motion_capture_tracking_interfaces/include/motion_capture_tracking_interfaces/motion_capture_tracking_interfaces/msg/detail/named_pose_array__builder.hpp
[0.198s] -- Up-to-date symlink: /home/vincent/Ground_Robots/mocap_broadcast_ros/install/motion_capture_tracking_interfaces/include/motion_capture_tracking_interfaces/motion_capture_tracking_interfaces/msg/detail/named_pose_array__struct.hpp
[0.198s] -- Up-to-date symlink: /home/vincent/Ground_Robots/mocap_broadcast_ros/install/motion_capture_tracking_interfaces/include/motion_capture_tracking_interfaces/motion_capture_tracking_interfaces/msg/detail/named_pose_array__traits.hpp
[0.198s] -- Up-to-date symlink: /home/vincent/Ground_Robots/mocap_broadcast_ros/install/motion_capture_tracking_interfaces/include/motion_capture_tracking_interfaces/motion_capture_tracking_interfaces/msg/detail/named_pose_array__type_support.hpp
[0.198s] -- Up-to-date symlink: /home/vincent/Ground_Robots/mocap_broadcast_ros/install/motion_capture_tracking_interfaces/include/motion_capture_tracking_interfaces/motion_capture_tracking_interfaces/msg/named_pose.hpp
[0.198s] -- Up-to-date symlink: /home/vincent/Ground_Robots/mocap_broadcast_ros/install/motion_capture_tracking_interfaces/include/motion_capture_tracking_interfaces/motion_capture_tracking_interfaces/msg/named_pose_array.hpp
[0.198s] -- Up-to-date symlink: /home/vincent/Ground_Robots/mocap_broadcast_ros/install/motion_capture_tracking_interfaces/include/motion_capture_tracking_interfaces/motion_capture_tracking_interfaces/msg/rosidl_generator_cpp__visibility_control.hpp
[0.199s] -- Up-to-date symlink: /home/vincent/Ground_Robots/mocap_broadcast_ros/install/motion_capture_tracking_interfaces/include/motion_capture_tracking_interfaces/motion_capture_tracking_interfaces/msg/detail/named_pose__rosidl_typesupport_fastrtps_cpp.hpp
[0.199s] -- Up-to-date symlink: /home/vincent/Ground_Robots/mocap_broadcast_ros/install/motion_capture_tracking_interfaces/include/motion_capture_tracking_interfaces/motion_capture_tracking_interfaces/msg/detail/named_pose_array__rosidl_typesupport_fastrtps_cpp.hpp
[0.199s] -- Up-to-date symlink: /home/vincent/Ground_Robots/mocap_broadcast_ros/install/motion_capture_tracking_interfaces/include/motion_capture_tracking_interfaces/motion_capture_tracking_interfaces/msg/rosidl_typesupport_fastrtps_cpp__visibility_control.h
[0.199s] -- Up-to-date symlink: /home/vincent/Ground_Robots/mocap_broadcast_ros/install/motion_capture_tracking_interfaces/include/motion_capture_tracking_interfaces/motion_capture_tracking_interfaces/msg/detail/named_pose__rosidl_typesupport_introspection_c.h
[0.200s] -- Up-to-date symlink: /home/vincent/Ground_Robots/mocap_broadcast_ros/install/motion_capture_tracking_interfaces/include/motion_capture_tracking_interfaces/motion_capture_tracking_interfaces/msg/detail/named_pose_array__rosidl_typesupport_introspection_c.h
[0.200s] -- Up-to-date symlink: /home/vincent/Ground_Robots/mocap_broadcast_ros/install/motion_capture_tracking_interfaces/include/motion_capture_tracking_interfaces/motion_capture_tracking_interfaces/msg/rosidl_typesupport_introspection_c__visibility_control.h
[0.200s] -- Up-to-date symlink: /home/vincent/Ground_Robots/mocap_broadcast_ros/install/motion_capture_tracking_interfaces/include/motion_capture_tracking_interfaces/motion_capture_tracking_interfaces/msg/detail/named_pose__rosidl_typesupport_introspection_cpp.hpp
[0.200s] -- Up-to-date symlink: /home/vincent/Ground_Robots/mocap_broadcast_ros/install/motion_capture_tracking_interfaces/include/motion_capture_tracking_interfaces/motion_capture_tracking_interfaces/msg/detail/named_pose_array__rosidl_typesupport_introspection_cpp.hpp
[0.201s] -- Up-to-date symlink: /home/vincent/Ground_Robots/mocap_broadcast_ros/install/motion_capture_tracking_interfaces/share/motion_capture_tracking_interfaces/environment/pythonpath.sh
[0.201s] -- Up-to-date symlink: /home/vincent/Ground_Robots/mocap_broadcast_ros/install/motion_capture_tracking_interfaces/share/motion_capture_tracking_interfaces/environment/pythonpath.dsv
[0.202s] -- Up-to-date symlink: /home/vincent/Ground_Robots/mocap_broadcast_ros/install/motion_capture_tracking_interfaces/local/lib/python3.10/dist-packages/motion_capture_tracking_interfaces-1.0.6-py3.10.egg-info/PKG-INFO
[0.202s] -- Up-to-date symlink: /home/vincent/Ground_Robots/mocap_broadcast_ros/install/motion_capture_tracking_interfaces/local/lib/python3.10/dist-packages/motion_capture_tracking_interfaces-1.0.6-py3.10.egg-info/SOURCES.txt
[0.202s] -- Up-to-date symlink: /home/vincent/Ground_Robots/mocap_broadcast_ros/install/motion_capture_tracking_interfaces/local/lib/python3.10/dist-packages/motion_capture_tracking_interfaces-1.0.6-py3.10.egg-info/dependency_links.txt
[0.202s] -- Up-to-date symlink: /home/vincent/Ground_Robots/mocap_broadcast_ros/install/motion_capture_tracking_interfaces/local/lib/python3.10/dist-packages/motion_capture_tracking_interfaces-1.0.6-py3.10.egg-info/top_level.txt
[0.202s] -- Up-to-date symlink: /home/vincent/Ground_Robots/mocap_broadcast_ros/install/motion_capture_tracking_interfaces/local/lib/python3.10/dist-packages/motion_capture_tracking_interfaces/__init__.py
[0.203s] -- Up-to-date symlink: /home/vincent/Ground_Robots/mocap_broadcast_ros/install/motion_capture_tracking_interfaces/local/lib/python3.10/dist-packages/motion_capture_tracking_interfaces/_motion_capture_tracking_interfaces_s.ep.rosidl_typesupport_c.c
[0.203s] -- Up-to-date symlink: /home/vincent/Ground_Robots/mocap_broadcast_ros/install/motion_capture_tracking_interfaces/local/lib/python3.10/dist-packages/motion_capture_tracking_interfaces/_motion_capture_tracking_interfaces_s.ep.rosidl_typesupport_fastrtps_c.c
[0.203s] -- Up-to-date symlink: /home/vincent/Ground_Robots/mocap_broadcast_ros/install/motion_capture_tracking_interfaces/local/lib/python3.10/dist-packages/motion_capture_tracking_interfaces/_motion_capture_tracking_interfaces_s.ep.rosidl_typesupport_introspection_c.c
[0.203s] -- Up-to-date symlink: /home/vincent/Ground_Robots/mocap_broadcast_ros/install/motion_capture_tracking_interfaces/local/lib/python3.10/dist-packages/motion_capture_tracking_interfaces/libmotion_capture_tracking_interfaces__rosidl_generator_py.so
[0.204s] -- Up-to-date symlink: /home/vincent/Ground_Robots/mocap_broadcast_ros/install/motion_capture_tracking_interfaces/local/lib/python3.10/dist-packages/motion_capture_tracking_interfaces/motion_capture_tracking_interfaces_s__rosidl_typesupport_c.cpython-310-x86_64-linux-gnu.so
[0.204s] -- Up-to-date symlink: /home/vincent/Ground_Robots/mocap_broadcast_ros/install/motion_capture_tracking_interfaces/local/lib/python3.10/dist-packages/motion_capture_tracking_interfaces/motion_capture_tracking_interfaces_s__rosidl_typesupport_fastrtps_c.cpython-310-x86_64-linux-gnu.so
[0.204s] -- Up-to-date symlink: /home/vincent/Ground_Robots/mocap_broadcast_ros/install/motion_capture_tracking_interfaces/local/lib/python3.10/dist-packages/motion_capture_tracking_interfaces/motion_capture_tracking_interfaces_s__rosidl_typesupport_introspection_c.cpython-310-x86_64-linux-gnu.so
[0.204s] -- Up-to-date symlink: /home/vincent/Ground_Robots/mocap_broadcast_ros/install/motion_capture_tracking_interfaces/local/lib/python3.10/dist-packages/motion_capture_tracking_interfaces/msg/__init__.py
[0.205s] -- Up-to-date symlink: /home/vincent/Ground_Robots/mocap_broadcast_ros/install/motion_capture_tracking_interfaces/local/lib/python3.10/dist-packages/motion_capture_tracking_interfaces/msg/_named_pose.py
[0.205s] -- Up-to-date symlink: /home/vincent/Ground_Robots/mocap_broadcast_ros/install/motion_capture_tracking_interfaces/local/lib/python3.10/dist-packages/motion_capture_tracking_interfaces/msg/_named_pose_array.py
[0.205s] -- Up-to-date symlink: /home/vincent/Ground_Robots/mocap_broadcast_ros/install/motion_capture_tracking_interfaces/local/lib/python3.10/dist-packages/motion_capture_tracking_interfaces/msg/_named_pose_array_s.c
[0.205s] -- Up-to-date symlink: /home/vincent/Ground_Robots/mocap_broadcast_ros/install/motion_capture_tracking_interfaces/local/lib/python3.10/dist-packages/motion_capture_tracking_interfaces/msg/_named_pose_s.c
[0.206s] -- Up-to-date symlink: /home/vincent/Ground_Robots/mocap_broadcast_ros/install/motion_capture_tracking_interfaces/local/lib/python3.10/dist-packages/motion_capture_tracking_interfaces/motion_capture_tracking_interfaces_s__rosidl_typesupport_fastrtps_c.cpython-310-x86_64-linux-gnu.so
[0.206s] -- Up-to-date symlink: /home/vincent/Ground_Robots/mocap_broadcast_ros/install/motion_capture_tracking_interfaces/local/lib/python3.10/dist-packages/motion_capture_tracking_interfaces/motion_capture_tracking_interfaces_s__rosidl_typesupport_introspection_c.cpython-310-x86_64-linux-gnu.so
[0.206s] -- Up-to-date symlink: /home/vincent/Ground_Robots/mocap_broadcast_ros/install/motion_capture_tracking_interfaces/local/lib/python3.10/dist-packages/motion_capture_tracking_interfaces/motion_capture_tracking_interfaces_s__rosidl_typesupport_c.cpython-310-x86_64-linux-gnu.so
[0.206s] -- Up-to-date symlink: /home/vincent/Ground_Robots/mocap_broadcast_ros/install/motion_capture_tracking_interfaces/share/motion_capture_tracking_interfaces/msg/NamedPose.idl
[0.206s] -- Up-to-date symlink: /home/vincent/Ground_Robots/mocap_broadcast_ros/install/motion_capture_tracking_interfaces/share/motion_capture_tracking_interfaces/msg/NamedPoseArray.idl
[0.207s] -- Up-to-date symlink: /home/vincent/Ground_Robots/mocap_broadcast_ros/install/motion_capture_tracking_interfaces/share/motion_capture_tracking_interfaces/msg/NamedPose.msg
[0.207s] -- Up-to-date symlink: /home/vincent/Ground_Robots/mocap_broadcast_ros/install/motion_capture_tracking_interfaces/share/motion_capture_tracking_interfaces/msg/NamedPoseArray.msg
[0.207s] -- Up-to-date symlink: /home/vincent/Ground_Robots/mocap_broadcast_ros/install/motion_capture_tracking_interfaces/share/ament_index/resource_index/package_run_dependencies/motion_capture_tracking_interfaces
[0.208s] -- Up-to-date symlink: /home/vincent/Ground_Robots/mocap_broadcast_ros/install/motion_capture_tracking_interfaces/share/ament_index/resource_index/parent_prefix_path/motion_capture_tracking_interfaces
[0.208s] -- Up-to-date symlink: /home/vincent/Ground_Robots/mocap_broadcast_ros/install/motion_capture_tracking_interfaces/share/motion_capture_tracking_interfaces/environment/ament_prefix_path.sh
[0.208s] -- Up-to-date symlink: /home/vincent/Ground_Robots/mocap_broadcast_ros/install/motion_capture_tracking_interfaces/share/motion_capture_tracking_interfaces/environment/ament_prefix_path.dsv
[0.208s] -- Up-to-date symlink: /home/vincent/Ground_Robots/mocap_broadcast_ros/install/motion_capture_tracking_interfaces/share/motion_capture_tracking_interfaces/environment/path.sh
[0.208s] -- Up-to-date symlink: /home/vincent/Ground_Robots/mocap_broadcast_ros/install/motion_capture_tracking_interfaces/share/motion_capture_tracking_interfaces/environment/path.dsv
[0.208s] -- Up-to-date symlink: /home/vincent/Ground_Robots/mocap_broadcast_ros/install/motion_capture_tracking_interfaces/share/motion_capture_tracking_interfaces/local_setup.bash
[0.209s] -- Up-to-date symlink: /home/vincent/Ground_Robots/mocap_broadcast_ros/install/motion_capture_tracking_interfaces/share/motion_capture_tracking_interfaces/local_setup.sh
[0.209s] -- Up-to-date symlink: /home/vincent/Ground_Robots/mocap_broadcast_ros/install/motion_capture_tracking_interfaces/share/motion_capture_tracking_interfaces/local_setup.zsh
[0.209s] -- Up-to-date symlink: /home/vincent/Ground_Robots/mocap_broadcast_ros/install/motion_capture_tracking_interfaces/share/motion_capture_tracking_interfaces/local_setup.dsv
[0.209s] -- Symlinking: /home/vincent/Ground_Robots/mocap_broadcast_ros/install/motion_capture_tracking_interfaces/share/motion_capture_tracking_interfaces/package.dsv
[0.212s] -- Up-to-date symlink: /home/vincent/Ground_Robots/mocap_broadcast_ros/install/motion_capture_tracking_interfaces/share/ament_index/resource_index/packages/motion_capture_tracking_interfaces
[0.212s] -- Up-to-date symlink: /home/vincent/Ground_Robots/mocap_broadcast_ros/install/motion_capture_tracking_interfaces/share/motion_capture_tracking_interfaces/cmake/rosidl_cmake-extras.cmake
[0.212s] -- Up-to-date symlink: /home/vincent/Ground_Robots/mocap_broadcast_ros/install/motion_capture_tracking_interfaces/share/motion_capture_tracking_interfaces/cmake/ament_cmake_export_dependencies-extras.cmake
[0.212s] -- Up-to-date symlink: /home/vincent/Ground_Robots/mocap_broadcast_ros/install/motion_capture_tracking_interfaces/share/motion_capture_tracking_interfaces/cmake/ament_cmake_export_include_directories-extras.cmake
[0.213s] -- Up-to-date symlink: /home/vincent/Ground_Robots/mocap_broadcast_ros/install/motion_capture_tracking_interfaces/share/motion_capture_tracking_interfaces/cmake/ament_cmake_export_libraries-extras.cmake
[0.213s] -- Up-to-date symlink: /home/vincent/Ground_Robots/mocap_broadcast_ros/install/motion_capture_tracking_interfaces/share/motion_capture_tracking_interfaces/cmake/ament_cmake_export_targets-extras.cmake
[0.213s] -- Up-to-date symlink: /home/vincent/Ground_Robots/mocap_broadcast_ros/install/motion_capture_tracking_interfaces/share/motion_capture_tracking_interfaces/cmake/rosidl_cmake_export_typesupport_targets-extras.cmake
[0.214s] -- Up-to-date symlink: /home/vincent/Ground_Robots/mocap_broadcast_ros/install/motion_capture_tracking_interfaces/share/motion_capture_tracking_interfaces/cmake/rosidl_cmake_export_typesupport_libraries-extras.cmake
[0.214s] -- Up-to-date symlink: /home/vincent/Ground_Robots/mocap_broadcast_ros/install/motion_capture_tracking_interfaces/share/motion_capture_tracking_interfaces/cmake/motion_capture_tracking_interfacesConfig.cmake
[0.214s] -- Up-to-date symlink: /home/vincent/Ground_Robots/mocap_broadcast_ros/install/motion_capture_tracking_interfaces/share/motion_capture_tracking_interfaces/cmake/motion_capture_tracking_interfacesConfig-version.cmake
[0.214s] -- Up-to-date symlink: /home/vincent/Ground_Robots/mocap_broadcast_ros/install/motion_capture_tracking_interfaces/share/motion_capture_tracking_interfaces/package.xml
[0.215s] -- Up-to-date: /home/vincent/Ground_Robots/mocap_broadcast_ros/install/motion_capture_tracking_interfaces/lib/libmotion_capture_tracking_interfaces__rosidl_generator_c.so
[0.215s] -- Up-to-date: /home/vincent/Ground_Robots/mocap_broadcast_ros/install/motion_capture_tracking_interfaces/lib/libmotion_capture_tracking_interfaces__rosidl_typesupport_fastrtps_c.so
[0.215s] -- Up-to-date: /home/vincent/Ground_Robots/mocap_broadcast_ros/install/motion_capture_tracking_interfaces/lib/libmotion_capture_tracking_interfaces__rosidl_typesupport_fastrtps_cpp.so
[0.216s] -- Up-to-date: /home/vincent/Ground_Robots/mocap_broadcast_ros/install/motion_capture_tracking_interfaces/lib/libmotion_capture_tracking_interfaces__rosidl_typesupport_introspection_c.so
[0.216s] -- Up-to-date: /home/vincent/Ground_Robots/mocap_broadcast_ros/install/motion_capture_tracking_interfaces/lib/libmotion_capture_tracking_interfaces__rosidl_typesupport_c.so
[0.216s] -- Up-to-date: /home/vincent/Ground_Robots/mocap_broadcast_ros/install/motion_capture_tracking_interfaces/lib/libmotion_capture_tracking_interfaces__rosidl_typesupport_introspection_cpp.so
[0.217s] -- Up-to-date: /home/vincent/Ground_Robots/mocap_broadcast_ros/install/motion_capture_tracking_interfaces/lib/libmotion_capture_tracking_interfaces__rosidl_typesupport_cpp.so
[0.233s] Listing '/home/vincent/Ground_Robots/mocap_broadcast_ros/install/motion_capture_tracking_interfaces/local/lib/python3.10/dist-packages/motion_capture_tracking_interfaces'...
[0.233s] Listing '/home/vincent/Ground_Robots/mocap_broadcast_ros/install/motion_capture_tracking_interfaces/local/lib/python3.10/dist-packages/motion_capture_tracking_interfaces/msg'...
[0.236s] -- Up-to-date: /home/vincent/Ground_Robots/mocap_broadcast_ros/install/motion_capture_tracking_interfaces/lib/libmotion_capture_tracking_interfaces__rosidl_generator_py.so
[0.236s] -- Up-to-date: /home/vincent/Ground_Robots/mocap_broadcast_ros/install/motion_capture_tracking_interfaces/share/motion_capture_tracking_interfaces/cmake/export_motion_capture_tracking_interfaces__rosidl_generator_cExport.cmake
[0.236s] -- Up-to-date: /home/vincent/Ground_Robots/mocap_broadcast_ros/install/motion_capture_tracking_interfaces/share/motion_capture_tracking_interfaces/cmake/export_motion_capture_tracking_interfaces__rosidl_generator_cExport-noconfig.cmake
[0.236s] -- Up-to-date: /home/vincent/Ground_Robots/mocap_broadcast_ros/install/motion_capture_tracking_interfaces/share/motion_capture_tracking_interfaces/cmake/export_motion_capture_tracking_interfaces__rosidl_typesupport_fastrtps_cExport.cmake
[0.236s] -- Up-to-date: /home/vincent/Ground_Robots/mocap_broadcast_ros/install/motion_capture_tracking_interfaces/share/motion_capture_tracking_interfaces/cmake/export_motion_capture_tracking_interfaces__rosidl_typesupport_fastrtps_cExport-noconfig.cmake
[0.236s] -- Up-to-date: /home/vincent/Ground_Robots/mocap_broadcast_ros/install/motion_capture_tracking_interfaces/share/motion_capture_tracking_interfaces/cmake/export_motion_capture_tracking_interfaces__rosidl_generator_cppExport.cmake
[0.236s] -- Up-to-date: /home/vincent/Ground_Robots/mocap_broadcast_ros/install/motion_capture_tracking_interfaces/share/motion_capture_tracking_interfaces/cmake/export_motion_capture_tracking_interfaces__rosidl_typesupport_fastrtps_cppExport.cmake
[0.236s] -- Up-to-date: /home/vincent/Ground_Robots/mocap_broadcast_ros/install/motion_capture_tracking_interfaces/share/motion_capture_tracking_interfaces/cmake/export_motion_capture_tracking_interfaces__rosidl_typesupport_fastrtps_cppExport-noconfig.cmake
[0.236s] -- Up-to-date: /home/vincent/Ground_Robots/mocap_broadcast_ros/install/motion_capture_tracking_interfaces/share/motion_capture_tracking_interfaces/cmake/motion_capture_tracking_interfaces__rosidl_typesupport_introspection_cExport.cmake
[0.236s] -- Up-to-date: /home/vincent/Ground_Robots/mocap_broadcast_ros/install/motion_capture_tracking_interfaces/share/motion_capture_tracking_interfaces/cmake/motion_capture_tracking_interfaces__rosidl_typesupport_introspection_cExport-noconfig.cmake
[0.236s] -- Up-to-date: /home/vincent/Ground_Robots/mocap_broadcast_ros/install/motion_capture_tracking_interfaces/share/motion_capture_tracking_interfaces/cmake/motion_capture_tracking_interfaces__rosidl_typesupport_cExport.cmake
[0.236s] -- Up-to-date: /home/vincent/Ground_Robots/mocap_broadcast_ros/install/motion_capture_tracking_interfaces/share/motion_capture_tracking_interfaces/cmake/motion_capture_tracking_interfaces__rosidl_typesupport_cExport-noconfig.cmake
[0.237s] -- Up-to-date: /home/vincent/Ground_Robots/mocap_broadcast_ros/install/motion_capture_tracking_interfaces/share/motion_capture_tracking_interfaces/cmake/motion_capture_tracking_interfaces__rosidl_typesupport_introspection_cppExport.cmake
[0.237s] -- Up-to-date: /home/vincent/Ground_Robots/mocap_broadcast_ros/install/motion_capture_tracking_interfaces/share/motion_capture_tracking_interfaces/cmake/motion_capture_tracking_interfaces__rosidl_typesupport_introspection_cppExport-noconfig.cmake
[0.237s] -- Up-to-date: /home/vincent/Ground_Robots/mocap_broadcast_ros/install/motion_capture_tracking_interfaces/share/motion_capture_tracking_interfaces/cmake/motion_capture_tracking_interfaces__rosidl_typesupport_cppExport.cmake
[0.237s] -- Up-to-date: /home/vincent/Ground_Robots/mocap_broadcast_ros/install/motion_capture_tracking_interfaces/share/motion_capture_tracking_interfaces/cmake/motion_capture_tracking_interfaces__rosidl_typesupport_cppExport-noconfig.cmake
[0.237s] -- Up-to-date: /home/vincent/Ground_Robots/mocap_broadcast_ros/install/motion_capture_tracking_interfaces/share/motion_capture_tracking_interfaces/cmake/export_motion_capture_tracking_interfaces__rosidl_generator_pyExport.cmake
[0.237s] -- Up-to-date: /home/vincent/Ground_Robots/mocap_broadcast_ros/install/motion_capture_tracking_interfaces/share/motion_capture_tracking_interfaces/cmake/export_motion_capture_tracking_interfaces__rosidl_generator_pyExport-noconfig.cmake
[0.238s] Invoked command in '/home/vincent/Ground_Robots/mocap_broadcast_ros/build/motion_capture_tracking_interfaces' returned '0': CMAKE_PREFIX_PATH=/opt/ros/humble /home/vincent/cmake/bin/cmake --install /home/vincent/Ground_Robots/mocap_broadcast_ros/build/motion_capture_tracking_interfaces
